[12264][1574815757617][main][info]["Booting Postman 7.12.0, linux-5.3.12-1-MANJARO on x64"]
[12264][1574815757621][main][info]["EventBus~initialize - Success"]
[12264][1574815757632][main][info]["UpdateHandler~init - Success"]
[12264][1574815757636][main][info]["RuntimeExecutionService~initialized: Success"]
[12264][1574815757639][main][info]["LinuxAutoUpdater~Cleanup - Initial cleanup successful"]
[12264][1574815757929][main][info]["Bootstrap-models~bootstrap - Success"]
[12264][1574815758149][main][info]["window-manager~newSharedWindow: Shell loaded"]
[12264][1574815761207][main][info]["Main~AppEvents - Received booted event for process shared"]
[12264][1574815764148][main][info]["UpdateHandler~app-update-events - Received event",{"name":"checkForElectronVersionUpdated","namespace":"appUpdate"}]
[12264][1574815764171][main][info]["Main~AppEvents - Received booted event for process requester"]
[12264][1574903829779][main][info]["WindowManager~closeHandler - Closed Window (id: 4 )"]
[12264][1574903829880][main][info]["Quitting app"]
[6218][1574905411209][main][info]["Booting Postman 7.12.0, linux-5.3.12-1-MANJARO on x64"]
[6218][1574905411213][main][info]["EventBus~initialize - Success"]
[6218][1574905411221][main][info]["UpdateHandler~init - Success"]
[6218][1574905411224][main][info]["RuntimeExecutionService~initialized: Success"]
[6218][1574905411232][main][info]["LinuxAutoUpdater~Cleanup - Initial cleanup successful"]
[6218][1574905411548][main][info]["Bootstrap-models~bootstrap - Success"]
[6218][1574905411708][main][info]["window-manager~newSharedWindow: Shell loaded"]
[6218][1574905413616][main][info]["Main~AppEvents - Received booted event for process shared"]
[6218][1574905415916][main][info]["UpdateHandler~app-update-events - Received event",{"name":"checkForElectronVersionUpdated","namespace":"appUpdate"}]
[6218][1574905415927][main][info]["Main~AppEvents - Received booted event for process requester"]
[6218][1574908396880][main][info]["WindowManager~closeHandler - Closed Window (id: 3 )"]
[6218][1574908396927][main][info]["Quitting app"]
[12833][1574917974018][main][info]["Booting Postman 7.12.0, linux-5.3.12-1-MANJARO on x64"]
[12833][1574917974021][main][info]["EventBus~initialize - Success"]
[12833][1574917974034][main][info]["UpdateHandler~init - Success"]
[12833][1574917974039][main][info]["RuntimeExecutionService~initialized: Success"]
[12833][1574917974041][main][info]["LinuxAutoUpdater~Cleanup - Initial cleanup successful"]
[12833][1574917974349][main][info]["Bootstrap-models~bootstrap - Success"]
[12833][1574917974522][main][info]["window-manager~newSharedWindow: Shell loaded"]
[12833][1574917976423][main][info]["Main~AppEvents - Received booted event for process shared"]
[12833][1574917979090][main][info]["UpdateHandler~app-update-events - Received event",{"name":"checkForElectronVersionUpdated","namespace":"appUpdate"}]
[12833][1574917979107][main][info]["Main~AppEvents - Received booted event for process requester"]
[12833][1574993456503][main][info]["WindowManager~closeHandler - Closed Window (id: 3 )"]
[12833][1574993456572][main][info]["Quitting app"]
[20513][1576027812602][main][info]["Booting Postman 7.12.0, linux-5.3.12-1-MANJARO on x64"]
[20513][1576027812606][main][info]["EventBus~initialize - Success"]
[20513][1576027812618][main][info]["UpdateHandler~init - Success"]
[20513][1576027812622][main][info]["RuntimeExecutionService~initialized: Success"]
[20513][1576027812625][main][info]["LinuxAutoUpdater~Cleanup - Initial cleanup successful"]
[20513][1576027813051][main][info]["Bootstrap-models~bootstrap - Success"]
[20513][1576027813574][main][info]["window-manager~newSharedWindow: Shell loaded"]
[20513][1576027815535][main][info]["Main~AppEvents - Received booted event for process shared"]
[20513][1576027818688][main][info]["UpdateHandler~app-update-events - Received event",{"name":"checkForElectronVersionUpdated","namespace":"appUpdate"}]
[20513][1576027818712][main][info]["Main~AppEvents - Received booted event for process requester"]
[20513][1576027830743][main][info]["UpdateHandler~app-update-events - Received event",{"data":{"additionalParamsString":"installationId=4f027d3b-6954-41e1-9f88-aa569323d07e&userId=8574596&syncEnabled=true&teamPlan=","appId":"4f027d3b-6954-41e1-9f88-aa569323d07e","arch":"64","channel":"stable","downloadURL":"https://dl.pstmn.io/download/version/7.13.0/linux_64","downloadVersion":"7.13.0","platform":"LINUX","updateServerDomain":"https://dl.pstmn.io/","userAgent":"Mozilla/5.0 (X11; Linux x86_64) AppleWebKit/537.36 (KHTML, like Gecko) Postman/7.12.0 Chrome/66.0.3359.181 Electron/3.1.8 Safari/537.36","userId":"8574596","version":"7.12.0"},"name":"updateElectron","namespace":"appUpdate"}]
[20513][1576027830744][main][info]["LinuxUpdater~downloadUpdate - UpdateInfo received",{"additionalParamsString":"installationId=4f027d3b-6954-41e1-9f88-aa569323d07e&userId=8574596&syncEnabled=true&teamPlan=","appId":"4f027d3b-6954-41e1-9f88-aa569323d07e","arch":"64","channel":"stable","downloadURL":"https://dl.pstmn.io/download/version/7.13.0/linux_64","downloadVersion":"7.13.0","platform":"LINUX","updateServerDomain":"https://dl.pstmn.io/","userAgent":"Mozilla/5.0 (X11; Linux x86_64) AppleWebKit/537.36 (KHTML, like Gecko) Postman/7.12.0 Chrome/66.0.3359.181 Electron/3.1.8 Safari/537.36","userId":"8574596","version":"7.12.0"}]
[20513][1576027831675][main][info]["@postman/app-updater: error",{"errno":-13,"code":"EACCES","syscall":"open","path":"/opt/postman/Postman-1576027830745.tar.gz","name":"Error","message":"EACCES: permission denied, open '/opt/postman/Postman-1576027830745.tar.gz'","stack":"Error: EACCES: permission denied, open '/opt/postman/Postman-1576027830745.tar.gz'"},{"packageName":"Postman","eID":"Postman-1576027830745","downloadURL":"https://dl.pstmn.io/download/version/7.13.0/linux_64","downloadDirectory":"/opt/postman","downloadInfo":{"status":"DOWNLOAD_ERROR","error":{"errno":-13,"code":"EACCES","syscall":"open","path":"/opt/postman/Postman-1576027830745.tar.gz"},"downloadDirectory":"/opt/postman"}}]
[20513][1576027831677][main][info]["UpdateHandler~app-update-events - Received event",{"name":"electronAppUpdateError","namespace":"appUpdate","data":{"error":{"errno":-13,"code":"EACCES","syscall":"open","path":"/opt/postman/Postman-1576027830745.tar.gz","name":"Error","message":"EACCES: permission denied, open '/opt/postman/Postman-1576027830745.tar.gz'","stack":"Error: EACCES: permission denied, open '/opt/postman/Postman-1576027830745.tar.gz'"},"updateData":{"packageName":"Postman","eID":"Postman-1576027830745","downloadURL":"https://dl.pstmn.io/download/version/7.13.0/linux_64","downloadDirectory":"/opt/postman","downloadInfo":{"status":"DOWNLOAD_ERROR","error":{"errno":-13,"code":"EACCES","syscall":"open","path":"/opt/postman/Postman-1576027830745.tar.gz"},"downloadDirectory":"/opt/postman"}}}}]
[20513][1576030666361][main][info]["WindowManager~closeHandler - Closed Window (id: 3 )"]
[20513][1576030666382][main][info]["Quitting app"]
[5972][1576053736590][main][info]["Booting Postman 7.12.0, linux-5.3.12-1-MANJARO on x64"]
[5972][1576053736594][main][info]["EventBus~initialize - Success"]
[5972][1576053736602][main][info]["UpdateHandler~init - Success"]
[5972][1576053736605][main][info]["RuntimeExecutionService~initialized: Success"]
[5972][1576053736607][main][info]["LinuxAutoUpdater~Cleanup - Initial cleanup successful"]
[5972][1576053736993][main][info]["Bootstrap-models~bootstrap - Success"]
[5972][1576053737291][main][info]["window-manager~newSharedWindow: Shell loaded"]
[5972][1576053738859][main][info]["Main~AppEvents - Received booted event for process shared"]
[5972][1576053741087][main][info]["UpdateHandler~app-update-events - Received event",{"name":"checkForElectronVersionUpdated","namespace":"appUpdate"}]
[5972][1576053741104][main][info]["Main~AppEvents - Received booted event for process requester"]
[5972][1576053751891][main][info]["UpdateHandler~app-update-events - Received event",{"data":{"additionalParamsString":"installationId=4f027d3b-6954-41e1-9f88-aa569323d07e&userId=8574596&syncEnabled=true&teamPlan=","appId":"4f027d3b-6954-41e1-9f88-aa569323d07e","arch":"64","channel":"stable","downloadURL":"https://dl.pstmn.io/download/version/7.13.0/linux_64","downloadVersion":"7.13.0","platform":"LINUX","updateServerDomain":"https://dl.pstmn.io/","userAgent":"Mozilla/5.0 (X11; Linux x86_64) AppleWebKit/537.36 (KHTML, like Gecko) Postman/7.12.0 Chrome/66.0.3359.181 Electron/3.1.8 Safari/537.36","userId":"8574596","version":"7.12.0"},"name":"updateElectron","namespace":"appUpdate"}]
[5972][1576053751894][main][info]["LinuxUpdater~downloadUpdate - UpdateInfo received",{"additionalParamsString":"installationId=4f027d3b-6954-41e1-9f88-aa569323d07e&userId=8574596&syncEnabled=true&teamPlan=","appId":"4f027d3b-6954-41e1-9f88-aa569323d07e","arch":"64","channel":"stable","downloadURL":"https://dl.pstmn.io/download/version/7.13.0/linux_64","downloadVersion":"7.13.0","platform":"LINUX","updateServerDomain":"https://dl.pstmn.io/","userAgent":"Mozilla/5.0 (X11; Linux x86_64) AppleWebKit/537.36 (KHTML, like Gecko) Postman/7.12.0 Chrome/66.0.3359.181 Electron/3.1.8 Safari/537.36","userId":"8574596","version":"7.12.0"}]
[5972][1576053753221][main][info]["@postman/app-updater: error",{"errno":-13,"code":"EACCES","syscall":"open","path":"/opt/postman/Postman-1576053751896.tar.gz","name":"Error","message":"EACCES: permission denied, open '/opt/postman/Postman-1576053751896.tar.gz'","stack":"Error: EACCES: permission denied, open '/opt/postman/Postman-1576053751896.tar.gz'"},{"packageName":"Postman","eID":"Postman-1576053751896","downloadURL":"https://dl.pstmn.io/download/version/7.13.0/linux_64","downloadDirectory":"/opt/postman","downloadInfo":{"status":"DOWNLOAD_ERROR","error":{"errno":-13,"code":"EACCES","syscall":"open","path":"/opt/postman/Postman-1576053751896.tar.gz"},"downloadDirectory":"/opt/postman"}}]
[5972][1576053753224][main][info]["UpdateHandler~app-update-events - Received event",{"name":"electronAppUpdateError","namespace":"appUpdate","data":{"error":{"errno":-13,"code":"EACCES","syscall":"open","path":"/opt/postman/Postman-1576053751896.tar.gz","name":"Error","message":"EACCES: permission denied, open '/opt/postman/Postman-1576053751896.tar.gz'","stack":"Error: EACCES: permission denied, open '/opt/postman/Postman-1576053751896.tar.gz'"},"updateData":{"packageName":"Postman","eID":"Postman-1576053751896","downloadURL":"https://dl.pstmn.io/download/version/7.13.0/linux_64","downloadDirectory":"/opt/postman","downloadInfo":{"status":"DOWNLOAD_ERROR","error":{"errno":-13,"code":"EACCES","syscall":"open","path":"/opt/postman/Postman-1576053751896.tar.gz"},"downloadDirectory":"/opt/postman"}}}}]
[5972][1576113049735][main][info]["WindowManager~closeHandler - Closed Window (id: 3 )"]
[5972][1576113049821][main][info]["Quitting app"]
[327][1576118083761][main][info]["Booting Postman 7.12.0, linux-5.3.12-1-MANJARO on x64"]
[327][1576118083764][main][info]["EventBus~initialize - Success"]
[327][1576118083773][main][info]["UpdateHandler~init - Success"]
[327][1576118083780][main][info]["RuntimeExecutionService~initialized: Success"]
[327][1576118083783][main][info]["LinuxAutoUpdater~Cleanup - Initial cleanup successful"]
[327][1576118084036][main][info]["Bootstrap-models~bootstrap - Success"]
[327][1576118084311][main][info]["window-manager~newSharedWindow: Shell loaded"]
[327][1576118086557][main][info]["Main~AppEvents - Received booted event for process shared"]
[327][1576118089789][main][info]["UpdateHandler~app-update-events - Received event",{"name":"checkForElectronVersionUpdated","namespace":"appUpdate"}]
[327][1576118089817][main][info]["Main~AppEvents - Received booted event for process requester"]
[327][1576118100594][main][info]["UpdateHandler~app-update-events - Received event",{"data":{"additionalParamsString":"installationId=4f027d3b-6954-41e1-9f88-aa569323d07e&userId=8574596&syncEnabled=true&teamPlan=","appId":"4f027d3b-6954-41e1-9f88-aa569323d07e","arch":"64","channel":"stable","downloadURL":"https://dl.pstmn.io/download/version/7.13.0/linux_64","downloadVersion":"7.13.0","platform":"LINUX","updateServerDomain":"https://dl.pstmn.io/","userAgent":"Mozilla/5.0 (X11; Linux x86_64) AppleWebKit/537.36 (KHTML, like Gecko) Postman/7.12.0 Chrome/66.0.3359.181 Electron/3.1.8 Safari/537.36","userId":"8574596","version":"7.12.0"},"name":"updateElectron","namespace":"appUpdate"}]
[327][1576118100596][main][info]["LinuxUpdater~downloadUpdate - UpdateInfo received",{"additionalParamsString":"installationId=4f027d3b-6954-41e1-9f88-aa569323d07e&userId=8574596&syncEnabled=true&teamPlan=","appId":"4f027d3b-6954-41e1-9f88-aa569323d07e","arch":"64","channel":"stable","downloadURL":"https://dl.pstmn.io/download/version/7.13.0/linux_64","downloadVersion":"7.13.0","platform":"LINUX","updateServerDomain":"https://dl.pstmn.io/","userAgent":"Mozilla/5.0 (X11; Linux x86_64) AppleWebKit/537.36 (KHTML, like Gecko) Postman/7.12.0 Chrome/66.0.3359.181 Electron/3.1.8 Safari/537.36","userId":"8574596","version":"7.12.0"}]
[327][1576118102479][main][info]["@postman/app-updater: error",{"errno":-13,"code":"EACCES","syscall":"open","path":"/opt/postman/Postman-1576118100598.tar.gz","name":"Error","message":"EACCES: permission denied, open '/opt/postman/Postman-1576118100598.tar.gz'","stack":"Error: EACCES: permission denied, open '/opt/postman/Postman-1576118100598.tar.gz'"},{"packageName":"Postman","eID":"Postman-1576118100598","downloadURL":"https://dl.pstmn.io/download/version/7.13.0/linux_64","downloadDirectory":"/opt/postman","downloadInfo":{"status":"DOWNLOAD_ERROR","error":{"errno":-13,"code":"EACCES","syscall":"open","path":"/opt/postman/Postman-1576118100598.tar.gz"},"downloadDirectory":"/opt/postman"}}]
[327][1576118102482][main][info]["UpdateHandler~app-update-events - Received event",{"name":"electronAppUpdateError","namespace":"appUpdate","data":{"error":{"errno":-13,"code":"EACCES","syscall":"open","path":"/opt/postman/Postman-1576118100598.tar.gz","name":"Error","message":"EACCES: permission denied, open '/opt/postman/Postman-1576118100598.tar.gz'","stack":"Error: EACCES: permission denied, open '/opt/postman/Postman-1576118100598.tar.gz'"},"updateData":{"packageName":"Postman","eID":"Postman-1576118100598","downloadURL":"https://dl.pstmn.io/download/version/7.13.0/linux_64","downloadDirectory":"/opt/postman","downloadInfo":{"status":"DOWNLOAD_ERROR","error":{"errno":-13,"code":"EACCES","syscall":"open","path":"/opt/postman/Postman-1576118100598.tar.gz"},"downloadDirectory":"/opt/postman"}}}}]
[327][1576139756396][main][info]["Main~AppEvents - Received booted event for process runner"]
[327][1576197581441][main][info]["WindowManager~closeHandler - Closed Window (id: 3 )"]
[327][1576197583391][main][info]["WindowManager~closeHandler - Closed Window (id: 4 )"]
[327][1576197583436][main][info]["Quitting app"]
[3247][1576208615207][main][info]["Booting Postman 7.12.0, linux-5.3.12-1-MANJARO on x64"]
[3247][1576208615211][main][info]["EventBus~initialize - Success"]
[3247][1576208615219][main][info]["UpdateHandler~init - Success"]
[3247][1576208615220][main][info]["RuntimeExecutionService~initialized: Success"]
[3247][1576208615222][main][info]["LinuxAutoUpdater~Cleanup - Initial cleanup successful"]
[3247][1576208615507][main][info]["Bootstrap-models~bootstrap - Success"]
[3247][1576208615763][main][info]["window-manager~newSharedWindow: Shell loaded"]
[3247][1576208617514][main][info]["Main~AppEvents - Received booted event for process shared"]
[3247][1576208619632][main][info]["UpdateHandler~app-update-events - Received event",{"name":"checkForElectronVersionUpdated","namespace":"appUpdate"}]
[3247][1576208619647][main][info]["Main~AppEvents - Received booted event for process requester"]
[3247][1576208630759][main][info]["UpdateHandler~app-update-events - Received event",{"data":{"additionalParamsString":"installationId=4f027d3b-6954-41e1-9f88-aa569323d07e&userId=8574596&syncEnabled=true&teamPlan=","appId":"4f027d3b-6954-41e1-9f88-aa569323d07e","arch":"64","channel":"stable","downloadURL":"https://dl.pstmn.io/download/version/7.13.0/linux_64","downloadVersion":"7.13.0","platform":"LINUX","updateServerDomain":"https://dl.pstmn.io/","userAgent":"Mozilla/5.0 (X11; Linux x86_64) AppleWebKit/537.36 (KHTML, like Gecko) Postman/7.12.0 Chrome/66.0.3359.181 Electron/3.1.8 Safari/537.36","userId":"8574596","version":"7.12.0"},"name":"updateElectron","namespace":"appUpdate"}]
[3247][1576208630760][main][info]["LinuxUpdater~downloadUpdate - UpdateInfo received",{"additionalParamsString":"installationId=4f027d3b-6954-41e1-9f88-aa569323d07e&userId=8574596&syncEnabled=true&teamPlan=","appId":"4f027d3b-6954-41e1-9f88-aa569323d07e","arch":"64","channel":"stable","downloadURL":"https://dl.pstmn.io/download/version/7.13.0/linux_64","downloadVersion":"7.13.0","platform":"LINUX","updateServerDomain":"https://dl.pstmn.io/","userAgent":"Mozilla/5.0 (X11; Linux x86_64) AppleWebKit/537.36 (KHTML, like Gecko) Postman/7.12.0 Chrome/66.0.3359.181 Electron/3.1.8 Safari/537.36","userId":"8574596","version":"7.12.0"}]
[3247][1576208632639][main][info]["@postman/app-updater: error",{"errno":-13,"code":"EACCES","syscall":"open","path":"/opt/postman/Postman-1576208630760.tar.gz","name":"Error","message":"EACCES: permission denied, open '/opt/postman/Postman-1576208630760.tar.gz'","stack":"Error: EACCES: permission denied, open '/opt/postman/Postman-1576208630760.tar.gz'"},{"packageName":"Postman","eID":"Postman-1576208630760","downloadURL":"https://dl.pstmn.io/download/version/7.13.0/linux_64","downloadDirectory":"/opt/postman","downloadInfo":{"status":"DOWNLOAD_ERROR","error":{"errno":-13,"code":"EACCES","syscall":"open","path":"/opt/postman/Postman-1576208630760.tar.gz"},"downloadDirectory":"/opt/postman"}}]
[3247][1576208632643][main][info]["UpdateHandler~app-update-events - Received event",{"name":"electronAppUpdateError","namespace":"appUpdate","data":{"error":{"errno":-13,"code":"EACCES","syscall":"open","path":"/opt/postman/Postman-1576208630760.tar.gz","name":"Error","message":"EACCES: permission denied, open '/opt/postman/Postman-1576208630760.tar.gz'","stack":"Error: EACCES: permission denied, open '/opt/postman/Postman-1576208630760.tar.gz'"},"updateData":{"packageName":"Postman","eID":"Postman-1576208630760","downloadURL":"https://dl.pstmn.io/download/version/7.13.0/linux_64","downloadDirectory":"/opt/postman","downloadInfo":{"status":"DOWNLOAD_ERROR","error":{"errno":-13,"code":"EACCES","syscall":"open","path":"/opt/postman/Postman-1576208630760.tar.gz"},"downloadDirectory":"/opt/postman"}}}}]
[3247][1576225279049][main][info]["WindowManager~closeHandler - Closed Window (id: 3 )"]
[3247][1576225279121][main][info]["Quitting app"]
