[12264][1574815763759][requester][info]["EventBus~initialize - Success"]
[12264][1574815763764][requester][info]["Messaging~boot - Success"]
[12264][1574815763788][requester][info]["bootCrashReporter~ Success"]
[12264][1574815763790][requester][info]["Telemetry~boot - Success"]
[12264][1574815763792][requester][info]["bootConfigurations~initialize - Success"]
[12264][1574815763796][requester][info]["Settings~boot - Success"]
[12264][1574815763900][requester][info]["bootstrapModels - Success"]
[12264][1574815763900][requester][info]["WLModels~boot - Success"]
[12264][1574815764059][requester][info]["Session~boot - Success"]
[12264][1574815764062][requester][info]["IndependentServices~boot - Success"]
[12264][1574815764088][requester][info]["AppModels~boot - Success"]
[12264][1574815764088][requester][info]["RuntimeListeners~boot- Success"]
[12264][1574815764088][requester][info]["DBWatcher~boot - Success"]
[12264][1574815764090][requester][info]["ThemeManager~boot - Success"]
[12264][1574815764091][requester][info]["Store~boot - Success"]
[12264][1574815764092][requester][info]["Shortcuts~boot - Success"]
[12264][1574815764093][requester][info]["SyncProxy~boot - Success"]
[12264][1574815764140][requester][info]["NewConsole~boot - Success"]
[12264][1574815764162][requester][info]["Requester~boot - Success"]
[12264][1574815764164][requester][info]["booted - requester"]
[12264][1574815782571][requester][warn]["Failed to subscribe to workspace for all APIs",{"name":"Error","message":"","stack":"Error\n    at SafeSubscriber.realtimeRequest$.pipe.subscribe.event [as _next] (file:///opt/postman/app/resources/app/js/vendor-shared.js:397115:24)\n    at SafeSubscriber.__tryOrUnsub (file:///opt/postman/app/resources/app/js/vendor-shared.js:42001:16)\n    at SafeSubscriber.next (file:///opt/postman/app/resources/app/js/vendor-shared.js:41939:22)\n    at Subscriber._next (file:///opt/postman/app/resources/app/js/vendor-shared.js:41882:26)\n    at Subscriber.next (file:///opt/postman/app/resources/app/js/vendor-shared.js:41859:18)\n    at FilterSubscriber._next (file:///opt/postman/app/resources/app/js/vendor-shared.js:144711:30)\n    at FilterSubscriber.Subscriber.next (file:///opt/postman/app/resources/app/js/vendor-shared.js:41859:18)\n    at RefCountSubscriber.Subscriber._next (file:///opt/postman/app/resources/app/js/vendor-shared.js:41882:26)\n    at RefCountSubscriber.Subscriber.next (file:///opt/postman/app/resources/app/js/vendor-shared.js:41859:18)\n    at Subject.next (file:///opt/postman/app/resources/app/js/vendor-shared.js:75700:25)\n    at ConnectableSubscriber.Subscriber._next (file:///opt/postman/app/resources/app/js/vendor-shared.js:41882:26)\n    at ConnectableSubscriber.Subscriber.next (file:///opt/postman/app/resources/app/js/vendor-shared.js:41859:18)\n    at EventEmitter.realtimeRequestBus.subscribe.event (file:///opt/postman/app/resources/app/js/vendor-shared.js:397062:14)\n    at EventEmitter.emit (file:///opt/postman/app/resources/app/js/vendor-shared.js:50085:5)\n    at _dispatch (file:///opt/postman/app/resources/app/js/vendor-shared.js:143288:14)\n    at EventEmitter.<anonymous> (file:///opt/postman/app/resources/app/js/vendor-shared.js:143298:9)\n    at EventEmitter.emit (events.js:182:13)"}]
[12264][1574815782647][requester][warn]["APIDevService~getAPIs: Failed to get APIs.",{"error":{"message":"SyncRequestService\\x7erequestListener: Could not fetch from sync. Socket not connected."}}]
[12264][1574815782650][requester][warn]["Failed to refresh API List",{"error":{"message":"SyncRequestService\\x7erequestListener: Could not fetch from sync. Socket not connected."}}]
[6218][1574905415672][requester][info]["EventBus~initialize - Success"]
[6218][1574905415675][requester][info]["Messaging~boot - Success"]
[6218][1574905415695][requester][info]["bootCrashReporter~ Success"]
[6218][1574905415696][requester][info]["Telemetry~boot - Success"]
[6218][1574905415697][requester][info]["bootConfigurations~initialize - Success"]
[6218][1574905415699][requester][info]["Settings~boot - Success"]
[6218][1574905415759][requester][warn]["Error in fetching user information",{"name":"Error","message":"Could not get waterline model for user. ORM not initialized.","stack":"Error: Could not get waterline model for user. ORM not initialized.\n    at Object.getModel (file:///opt/postman/app/resources/app/js/vendor-shared.js:50555:29)\n    at Object.findOne (file:///opt/postman/app/resources/app/js/vendor-shared.js:50617:5)\n    at Object.get (file:///opt/postman/app/resources/app/js/vendor-shared.js:61408:84)\n    at sentry.configureScope.scope (file:///opt/postman/app/resources/app/js/vendor-shared.js:514796:7)\n    at Hub.configureScope (file:///opt/postman/app/resources/app/js/vendor-shared.js:519961:13)\n    at callOnHub (file:///opt/postman/app/resources/app/js/vendor-shared.js:519548:28)\n    at Object.configureScope (file:///opt/postman/app/resources/app/js/vendor-shared.js:519620:5)\n    at Object.setUserScope (file:///opt/postman/app/resources/app/js/vendor-shared.js:514794:17)\n    at Object (file:///opt/postman/app/resources/app/js/vendor-shared.js:514709:134)\n    at processEvent (file:///opt/postman/app/resources/app/js/vendor-shared.js:17392:12)\n    at file:///opt/postman/app/resources/app/js/vendor-shared.js:17402:14\n    at sentryWrapped (file:///opt/postman/app/resources/app/js/vendor-shared.js:518119:27)"}]
[6218][1574905415772][requester][info]["bootstrapModels - Success"]
[6218][1574905415773][requester][info]["WLModels~boot - Success"]
[6218][1574905415826][requester][info]["Session~boot - Success"]
[6218][1574905415833][requester][info]["IndependentServices~boot - Success"]
[6218][1574905415863][requester][info]["AppModels~boot - Success"]
[6218][1574905415863][requester][info]["RuntimeListeners~boot- Success"]
[6218][1574905415863][requester][info]["DBWatcher~boot - Success"]
[6218][1574905415865][requester][info]["ThemeManager~boot - Success"]
[6218][1574905415866][requester][info]["Store~boot - Success"]
[6218][1574905415870][requester][info]["Shortcuts~boot - Success"]
[6218][1574905415871][requester][info]["SyncProxy~boot - Success"]
[6218][1574905415914][requester][info]["NewConsole~boot - Success"]
[6218][1574905415923][requester][info]["Requester~boot - Success"]
[6218][1574905415924][requester][info]["booted - requester"]
[12833][1574917978825][requester][info]["EventBus~initialize - Success"]
[12833][1574917978830][requester][info]["Messaging~boot - Success"]
[12833][1574917978856][requester][info]["bootCrashReporter~ Success"]
[12833][1574917978857][requester][info]["Telemetry~boot - Success"]
[12833][1574917978859][requester][info]["bootConfigurations~initialize - Success"]
[12833][1574917978864][requester][info]["Settings~boot - Success"]
[12833][1574917978925][requester][warn]["Error in fetching user information",{"name":"Error","message":"Could not get waterline model for user. ORM not initialized.","stack":"Error: Could not get waterline model for user. ORM not initialized.\n    at Object.getModel (file:///opt/postman/app/resources/app/js/vendor-shared.js:50555:29)\n    at Object.findOne (file:///opt/postman/app/resources/app/js/vendor-shared.js:50617:5)\n    at Object.get (file:///opt/postman/app/resources/app/js/vendor-shared.js:61408:84)\n    at sentry.configureScope.scope (file:///opt/postman/app/resources/app/js/vendor-shared.js:514796:7)\n    at Hub.configureScope (file:///opt/postman/app/resources/app/js/vendor-shared.js:519961:13)\n    at callOnHub (file:///opt/postman/app/resources/app/js/vendor-shared.js:519548:28)\n    at Object.configureScope (file:///opt/postman/app/resources/app/js/vendor-shared.js:519620:5)\n    at Object.setUserScope (file:///opt/postman/app/resources/app/js/vendor-shared.js:514794:17)\n    at Object (file:///opt/postman/app/resources/app/js/vendor-shared.js:514709:134)\n    at processEvent (file:///opt/postman/app/resources/app/js/vendor-shared.js:17392:12)\n    at file:///opt/postman/app/resources/app/js/vendor-shared.js:17402:14\n    at sentryWrapped (file:///opt/postman/app/resources/app/js/vendor-shared.js:518119:27)"}]
[12833][1574917978940][requester][info]["bootstrapModels - Success"]
[12833][1574917978940][requester][info]["WLModels~boot - Success"]
[12833][1574917978991][requester][info]["Session~boot - Success"]
[12833][1574917978998][requester][info]["IndependentServices~boot - Success"]
[12833][1574917979022][requester][info]["AppModels~boot - Success"]
[12833][1574917979023][requester][info]["RuntimeListeners~boot- Success"]
[12833][1574917979023][requester][info]["DBWatcher~boot - Success"]
[12833][1574917979024][requester][info]["ThemeManager~boot - Success"]
[12833][1574917979025][requester][info]["Store~boot - Success"]
[12833][1574917979029][requester][info]["Shortcuts~boot - Success"]
[12833][1574917979030][requester][info]["SyncProxy~boot - Success"]
[12833][1574917979080][requester][info]["NewConsole~boot - Success"]
[12833][1574917979100][requester][info]["Requester~boot - Success"]
[12833][1574917979101][requester][info]["booted - requester"]
[12833][1574917979415][requester][warn]["Failed to subscribe to workspace for all APIs",{"name":"Error","message":"","stack":"Error\n    at SafeSubscriber.realtimeRequest$.pipe.subscribe.event [as _next] (file:///opt/postman/app/resources/app/js/vendor-shared.js:397115:24)\n    at SafeSubscriber.__tryOrUnsub (file:///opt/postman/app/resources/app/js/vendor-shared.js:42001:16)\n    at SafeSubscriber.next (file:///opt/postman/app/resources/app/js/vendor-shared.js:41939:22)\n    at Subscriber._next (file:///opt/postman/app/resources/app/js/vendor-shared.js:41882:26)\n    at Subscriber.next (file:///opt/postman/app/resources/app/js/vendor-shared.js:41859:18)\n    at FilterSubscriber._next (file:///opt/postman/app/resources/app/js/vendor-shared.js:144711:30)\n    at FilterSubscriber.Subscriber.next (file:///opt/postman/app/resources/app/js/vendor-shared.js:41859:18)\n    at RefCountSubscriber.Subscriber._next (file:///opt/postman/app/resources/app/js/vendor-shared.js:41882:26)\n    at RefCountSubscriber.Subscriber.next (file:///opt/postman/app/resources/app/js/vendor-shared.js:41859:18)\n    at Subject.next (file:///opt/postman/app/resources/app/js/vendor-shared.js:75700:25)\n    at ConnectableSubscriber.Subscriber._next (file:///opt/postman/app/resources/app/js/vendor-shared.js:41882:26)\n    at ConnectableSubscriber.Subscriber.next (file:///opt/postman/app/resources/app/js/vendor-shared.js:41859:18)\n    at EventEmitter.realtimeRequestBus.subscribe.event (file:///opt/postman/app/resources/app/js/vendor-shared.js:397062:14)\n    at EventEmitter.emit (file:///opt/postman/app/resources/app/js/vendor-shared.js:50085:5)\n    at _dispatch (file:///opt/postman/app/resources/app/js/vendor-shared.js:143288:14)\n    at EventEmitter.<anonymous> (file:///opt/postman/app/resources/app/js/vendor-shared.js:143298:9)\n    at EventEmitter.emit (events.js:182:13)"}]
[12833][1574917979697][requester][warn]["APIDevService~getAPIs: Failed to get APIs.",{"error":{"message":"SyncRequestService\\x7erequestListener: Could not fetch from sync. Socket not connected."}}]
[12833][1574917979698][requester][warn]["Failed to refresh API List",{"error":{"message":"SyncRequestService\\x7erequestListener: Could not fetch from sync. Socket not connected."}}]
[20513][1576027818272][requester][info]["EventBus~initialize - Success"]
[20513][1576027818279][requester][info]["Messaging~boot - Success"]
[20513][1576027818307][requester][info]["bootCrashReporter~ Success"]
[20513][1576027818311][requester][info]["Telemetry~boot - Success"]
[20513][1576027818313][requester][info]["bootConfigurations~initialize - Success"]
[20513][1576027818315][requester][info]["Settings~boot - Success"]
[20513][1576027818419][requester][warn]["Error in fetching user information",{"name":"Error","message":"Could not get waterline model for user. ORM not initialized.","stack":"Error: Could not get waterline model for user. ORM not initialized.\n    at Object.getModel (file:///opt/postman/app/resources/app/js/vendor-shared.js:50555:29)\n    at Object.findOne (file:///opt/postman/app/resources/app/js/vendor-shared.js:50617:5)\n    at Object.get (file:///opt/postman/app/resources/app/js/vendor-shared.js:61408:84)\n    at sentry.configureScope.scope (file:///opt/postman/app/resources/app/js/vendor-shared.js:514796:7)\n    at Hub.configureScope (file:///opt/postman/app/resources/app/js/vendor-shared.js:519961:13)\n    at callOnHub (file:///opt/postman/app/resources/app/js/vendor-shared.js:519548:28)\n    at Object.configureScope (file:///opt/postman/app/resources/app/js/vendor-shared.js:519620:5)\n    at Object.setUserScope (file:///opt/postman/app/resources/app/js/vendor-shared.js:514794:17)\n    at Object (file:///opt/postman/app/resources/app/js/vendor-shared.js:514709:134)\n    at processEvent (file:///opt/postman/app/resources/app/js/vendor-shared.js:17392:12)\n    at file:///opt/postman/app/resources/app/js/vendor-shared.js:17402:14\n    at sentryWrapped (file:///opt/postman/app/resources/app/js/vendor-shared.js:518119:27)"}]
[20513][1576027818457][requester][info]["bootstrapModels - Success"]
[20513][1576027818461][requester][info]["WLModels~boot - Success"]
[20513][1576027818596][requester][info]["Session~boot - Success"]
[20513][1576027818604][requester][info]["IndependentServices~boot - Success"]
[20513][1576027818635][requester][info]["AppModels~boot - Success"]
[20513][1576027818636][requester][info]["RuntimeListeners~boot- Success"]
[20513][1576027818636][requester][info]["DBWatcher~boot - Success"]
[20513][1576027818637][requester][info]["ThemeManager~boot - Success"]
[20513][1576027818638][requester][info]["Store~boot - Success"]
[20513][1576027818641][requester][info]["Shortcuts~boot - Success"]
[20513][1576027818643][requester][info]["SyncProxy~boot - Success"]
[20513][1576027818685][requester][info]["NewConsole~boot - Success"]
[20513][1576027818702][requester][info]["Requester~boot - Success"]
[20513][1576027818703][requester][info]["booted - requester"]
[20513][1576027819154][requester][warn]["Failed to subscribe to workspace for all APIs",{"name":"Error","message":"","stack":"Error\n    at SafeSubscriber.realtimeRequest$.pipe.subscribe.event [as _next] (file:///opt/postman/app/resources/app/js/vendor-shared.js:397115:24)\n    at SafeSubscriber.__tryOrUnsub (file:///opt/postman/app/resources/app/js/vendor-shared.js:42001:16)\n    at SafeSubscriber.next (file:///opt/postman/app/resources/app/js/vendor-shared.js:41939:22)\n    at Subscriber._next (file:///opt/postman/app/resources/app/js/vendor-shared.js:41882:26)\n    at Subscriber.next (file:///opt/postman/app/resources/app/js/vendor-shared.js:41859:18)\n    at FilterSubscriber._next (file:///opt/postman/app/resources/app/js/vendor-shared.js:144711:30)\n    at FilterSubscriber.Subscriber.next (file:///opt/postman/app/resources/app/js/vendor-shared.js:41859:18)\n    at RefCountSubscriber.Subscriber._next (file:///opt/postman/app/resources/app/js/vendor-shared.js:41882:26)\n    at RefCountSubscriber.Subscriber.next (file:///opt/postman/app/resources/app/js/vendor-shared.js:41859:18)\n    at Subject.next (file:///opt/postman/app/resources/app/js/vendor-shared.js:75700:25)\n    at ConnectableSubscriber.Subscriber._next (file:///opt/postman/app/resources/app/js/vendor-shared.js:41882:26)\n    at ConnectableSubscriber.Subscriber.next (file:///opt/postman/app/resources/app/js/vendor-shared.js:41859:18)\n    at EventEmitter.realtimeRequestBus.subscribe.event (file:///opt/postman/app/resources/app/js/vendor-shared.js:397062:14)\n    at EventEmitter.emit (file:///opt/postman/app/resources/app/js/vendor-shared.js:50085:5)\n    at _dispatch (file:///opt/postman/app/resources/app/js/vendor-shared.js:143288:14)\n    at EventEmitter.<anonymous> (file:///opt/postman/app/resources/app/js/vendor-shared.js:143298:9)\n    at EventEmitter.emit (events.js:182:13)"}]
[20513][1576027819327][requester][warn]["APIDevService~getAPIs: Failed to get APIs.",{"error":{"message":"SyncRequestService\\x7erequestListener: Could not fetch from sync. Socket not connected."}}]
[20513][1576027819329][requester][warn]["Failed to refresh API List",{"error":{"message":"SyncRequestService\\x7erequestListener: Could not fetch from sync. Socket not connected."}}]
[20513][1576027831683][requester][error]["Error in update flow: {\"code\":\"EACCES\",\"errno\":-13,\"message\":\"EACCES: permission denied, open '/opt/postman/Postman-1576027830745.tar.gz'\",\"name\":\"Error\",\"path\":\"/opt/postman/Postman-1576027830745.tar.gz\",\"stack\":\"Error: EACCES: permission denied, open '/opt/postman/Postman-1576027830745.tar.gz'\",\"syscall\":\"open\"}"]
[5972][1576053740954][requester][info]["EventBus~initialize - Success"]
[5972][1576053740957][requester][info]["Messaging~boot - Success"]
[5972][1576053740971][requester][info]["bootCrashReporter~ Success"]
[5972][1576053740973][requester][info]["Telemetry~boot - Success"]
[5972][1576053740973][requester][info]["bootConfigurations~initialize - Success"]
[5972][1576053740975][requester][info]["Settings~boot - Success"]
[5972][1576053741022][requester][info]["bootstrapModels - Success"]
[5972][1576053741022][requester][info]["WLModels~boot - Success"]
[5972][1576053741046][requester][info]["Session~boot - Success"]
[5972][1576053741048][requester][info]["IndependentServices~boot - Success"]
[5972][1576053741060][requester][info]["AppModels~boot - Success"]
[5972][1576053741060][requester][info]["RuntimeListeners~boot- Success"]
[5972][1576053741060][requester][info]["DBWatcher~boot - Success"]
[5972][1576053741062][requester][info]["ThemeManager~boot - Success"]
[5972][1576053741062][requester][info]["Store~boot - Success"]
[5972][1576053741064][requester][info]["Shortcuts~boot - Success"]
[5972][1576053741065][requester][info]["SyncProxy~boot - Success"]
[5972][1576053741080][requester][info]["NewConsole~boot - Success"]
[5972][1576053741099][requester][info]["Requester~boot - Success"]
[5972][1576053741100][requester][info]["booted - requester"]
[5972][1576053741395][requester][warn]["Failed to subscribe to workspace for all APIs",{"name":"Error","message":"","stack":"Error\n    at SafeSubscriber.realtimeRequest$.pipe.subscribe.event [as _next] (file:///opt/postman/app/resources/app/js/vendor-shared.js:397115:24)\n    at SafeSubscriber.__tryOrUnsub (file:///opt/postman/app/resources/app/js/vendor-shared.js:42001:16)\n    at SafeSubscriber.next (file:///opt/postman/app/resources/app/js/vendor-shared.js:41939:22)\n    at Subscriber._next (file:///opt/postman/app/resources/app/js/vendor-shared.js:41882:26)\n    at Subscriber.next (file:///opt/postman/app/resources/app/js/vendor-shared.js:41859:18)\n    at FilterSubscriber._next (file:///opt/postman/app/resources/app/js/vendor-shared.js:144711:30)\n    at FilterSubscriber.Subscriber.next (file:///opt/postman/app/resources/app/js/vendor-shared.js:41859:18)\n    at RefCountSubscriber.Subscriber._next (file:///opt/postman/app/resources/app/js/vendor-shared.js:41882:26)\n    at RefCountSubscriber.Subscriber.next (file:///opt/postman/app/resources/app/js/vendor-shared.js:41859:18)\n    at Subject.next (file:///opt/postman/app/resources/app/js/vendor-shared.js:75700:25)\n    at ConnectableSubscriber.Subscriber._next (file:///opt/postman/app/resources/app/js/vendor-shared.js:41882:26)\n    at ConnectableSubscriber.Subscriber.next (file:///opt/postman/app/resources/app/js/vendor-shared.js:41859:18)\n    at EventEmitter.realtimeRequestBus.subscribe.event (file:///opt/postman/app/resources/app/js/vendor-shared.js:397062:14)\n    at EventEmitter.emit (file:///opt/postman/app/resources/app/js/vendor-shared.js:50085:5)\n    at _dispatch (file:///opt/postman/app/resources/app/js/vendor-shared.js:143288:14)\n    at EventEmitter.<anonymous> (file:///opt/postman/app/resources/app/js/vendor-shared.js:143298:9)\n    at EventEmitter.emit (events.js:182:13)"}]
[5972][1576053741466][requester][warn]["APIDevService~getAPIs: Failed to get APIs.",{"error":{"message":"SyncRequestService\\x7erequestListener: Could not fetch from sync. Socket not connected."}}]
[5972][1576053741467][requester][warn]["Failed to refresh API List",{"error":{"message":"SyncRequestService\\x7erequestListener: Could not fetch from sync. Socket not connected."}}]
[5972][1576053753240][requester][error]["Error in update flow: {\"code\":\"EACCES\",\"errno\":-13,\"message\":\"EACCES: permission denied, open '/opt/postman/Postman-1576053751896.tar.gz'\",\"name\":\"Error\",\"path\":\"/opt/postman/Postman-1576053751896.tar.gz\",\"stack\":\"Error: EACCES: permission denied, open '/opt/postman/Postman-1576053751896.tar.gz'\",\"syscall\":\"open\"}"]
[327][1576118089398][requester][info]["EventBus~initialize - Success"]
[327][1576118089405][requester][info]["Messaging~boot - Success"]
[327][1576118089460][requester][info]["bootCrashReporter~ Success"]
[327][1576118089466][requester][info]["Telemetry~boot - Success"]
[327][1576118089470][requester][info]["bootConfigurations~initialize - Success"]
[327][1576118089476][requester][info]["Settings~boot - Success"]
[327][1576118089566][requester][warn]["Error in fetching user information",{"name":"Error","message":"Could not get waterline model for user. ORM not initialized.","stack":"Error: Could not get waterline model for user. ORM not initialized.\n    at Object.getModel (file:///opt/postman/app/resources/app/js/vendor-shared.js:50555:29)\n    at Object.findOne (file:///opt/postman/app/resources/app/js/vendor-shared.js:50617:5)\n    at Object.get (file:///opt/postman/app/resources/app/js/vendor-shared.js:61408:84)\n    at sentry.configureScope.scope (file:///opt/postman/app/resources/app/js/vendor-shared.js:514796:7)\n    at Hub.configureScope (file:///opt/postman/app/resources/app/js/vendor-shared.js:519961:13)\n    at callOnHub (file:///opt/postman/app/resources/app/js/vendor-shared.js:519548:28)\n    at Object.configureScope (file:///opt/postman/app/resources/app/js/vendor-shared.js:519620:5)\n    at Object.setUserScope (file:///opt/postman/app/resources/app/js/vendor-shared.js:514794:17)\n    at Object (file:///opt/postman/app/resources/app/js/vendor-shared.js:514709:134)\n    at processEvent (file:///opt/postman/app/resources/app/js/vendor-shared.js:17392:12)\n    at file:///opt/postman/app/resources/app/js/vendor-shared.js:17402:14\n    at sentryWrapped (file:///opt/postman/app/resources/app/js/vendor-shared.js:518119:27)"}]
[327][1576118089590][requester][info]["bootstrapModels - Success"]
[327][1576118089591][requester][info]["WLModels~boot - Success"]
[327][1576118089664][requester][info]["Session~boot - Success"]
[327][1576118089671][requester][info]["IndependentServices~boot - Success"]
[327][1576118089710][requester][info]["AppModels~boot - Success"]
[327][1576118089710][requester][info]["RuntimeListeners~boot- Success"]
[327][1576118089711][requester][info]["DBWatcher~boot - Success"]
[327][1576118089715][requester][info]["ThemeManager~boot - Success"]
[327][1576118089716][requester][info]["Store~boot - Success"]
[327][1576118089720][requester][info]["Shortcuts~boot - Success"]
[327][1576118089722][requester][info]["SyncProxy~boot - Success"]
[327][1576118089783][requester][info]["NewConsole~boot - Success"]
[327][1576118089811][requester][info]["Requester~boot - Success"]
[327][1576118089813][requester][info]["booted - requester"]
[327][1576118090247][requester][warn]["Failed to subscribe to workspace for all APIs",{"name":"Error","message":"","stack":"Error\n    at SafeSubscriber.realtimeRequest$.pipe.subscribe.event [as _next] (file:///opt/postman/app/resources/app/js/vendor-shared.js:397115:24)\n    at SafeSubscriber.__tryOrUnsub (file:///opt/postman/app/resources/app/js/vendor-shared.js:42001:16)\n    at SafeSubscriber.next (file:///opt/postman/app/resources/app/js/vendor-shared.js:41939:22)\n    at Subscriber._next (file:///opt/postman/app/resources/app/js/vendor-shared.js:41882:26)\n    at Subscriber.next (file:///opt/postman/app/resources/app/js/vendor-shared.js:41859:18)\n    at FilterSubscriber._next (file:///opt/postman/app/resources/app/js/vendor-shared.js:144711:30)\n    at FilterSubscriber.Subscriber.next (file:///opt/postman/app/resources/app/js/vendor-shared.js:41859:18)\n    at RefCountSubscriber.Subscriber._next (file:///opt/postman/app/resources/app/js/vendor-shared.js:41882:26)\n    at RefCountSubscriber.Subscriber.next (file:///opt/postman/app/resources/app/js/vendor-shared.js:41859:18)\n    at Subject.next (file:///opt/postman/app/resources/app/js/vendor-shared.js:75700:25)\n    at ConnectableSubscriber.Subscriber._next (file:///opt/postman/app/resources/app/js/vendor-shared.js:41882:26)\n    at ConnectableSubscriber.Subscriber.next (file:///opt/postman/app/resources/app/js/vendor-shared.js:41859:18)\n    at EventEmitter.realtimeRequestBus.subscribe.event (file:///opt/postman/app/resources/app/js/vendor-shared.js:397062:14)\n    at EventEmitter.emit (file:///opt/postman/app/resources/app/js/vendor-shared.js:50085:5)\n    at _dispatch (file:///opt/postman/app/resources/app/js/vendor-shared.js:143288:14)\n    at EventEmitter.<anonymous> (file:///opt/postman/app/resources/app/js/vendor-shared.js:143298:9)\n    at EventEmitter.emit (events.js:182:13)"}]
[327][1576118090529][requester][warn]["APIDevService~getAPIs: Failed to get APIs.",{"error":{"message":"SyncRequestService\\x7erequestListener: Could not fetch from sync. Socket not connected."}}]
[327][1576118090530][requester][warn]["Failed to refresh API List",{"error":{"message":"SyncRequestService\\x7erequestListener: Could not fetch from sync. Socket not connected."}}]
[327][1576118102497][requester][error]["Error in update flow: {\"code\":\"EACCES\",\"errno\":-13,\"message\":\"EACCES: permission denied, open '/opt/postman/Postman-1576118100598.tar.gz'\",\"name\":\"Error\",\"path\":\"/opt/postman/Postman-1576118100598.tar.gz\",\"stack\":\"Error: EACCES: permission denied, open '/opt/postman/Postman-1576118100598.tar.gz'\",\"syscall\":\"open\"}"]
[3247][1576208619400][requester][info]["EventBus~initialize - Success"]
[3247][1576208619402][requester][info]["Messaging~boot - Success"]
[3247][1576208619420][requester][info]["bootCrashReporter~ Success"]
[3247][1576208619421][requester][info]["Telemetry~boot - Success"]
[3247][1576208619424][requester][info]["bootConfigurations~initialize - Success"]
[3247][1576208619426][requester][info]["Settings~boot - Success"]
[3247][1576208619470][requester][warn]["Error in fetching user information",{"name":"Error","message":"Could not get waterline model for user. ORM not initialized.","stack":"Error: Could not get waterline model for user. ORM not initialized.\n    at Object.getModel (file:///opt/postman/app/resources/app/js/vendor-shared.js:50555:29)\n    at Object.findOne (file:///opt/postman/app/resources/app/js/vendor-shared.js:50617:5)\n    at Object.get (file:///opt/postman/app/resources/app/js/vendor-shared.js:61408:84)\n    at sentry.configureScope.scope (file:///opt/postman/app/resources/app/js/vendor-shared.js:514796:7)\n    at Hub.configureScope (file:///opt/postman/app/resources/app/js/vendor-shared.js:519961:13)\n    at callOnHub (file:///opt/postman/app/resources/app/js/vendor-shared.js:519548:28)\n    at Object.configureScope (file:///opt/postman/app/resources/app/js/vendor-shared.js:519620:5)\n    at Object.setUserScope (file:///opt/postman/app/resources/app/js/vendor-shared.js:514794:17)\n    at Object (file:///opt/postman/app/resources/app/js/vendor-shared.js:514709:134)\n    at processEvent (file:///opt/postman/app/resources/app/js/vendor-shared.js:17392:12)\n    at file:///opt/postman/app/resources/app/js/vendor-shared.js:17402:14\n    at sentryWrapped (file:///opt/postman/app/resources/app/js/vendor-shared.js:518119:27)"}]
[3247][1576208619481][requester][info]["bootstrapModels - Success"]
[3247][1576208619481][requester][info]["WLModels~boot - Success"]
[3247][1576208619545][requester][info]["Session~boot - Success"]
[3247][1576208619549][requester][info]["IndependentServices~boot - Success"]
[3247][1576208619564][requester][info]["AppModels~boot - Success"]
[3247][1576208619564][requester][info]["RuntimeListeners~boot- Success"]
[3247][1576208619564][requester][info]["DBWatcher~boot - Success"]
[3247][1576208619566][requester][info]["ThemeManager~boot - Success"]
[3247][1576208619566][requester][info]["Store~boot - Success"]
[3247][1576208619569][requester][info]["Shortcuts~boot - Success"]
[3247][1576208619569][requester][info]["SyncProxy~boot - Success"]
[3247][1576208619629][requester][info]["NewConsole~boot - Success"]
[3247][1576208619642][requester][info]["Requester~boot - Success"]
[3247][1576208619642][requester][info]["booted - requester"]
[3247][1576208619949][requester][warn]["Failed to subscribe to workspace for all APIs",{"name":"Error","message":"","stack":"Error\n    at SafeSubscriber.realtimeRequest$.pipe.subscribe.event [as _next] (file:///opt/postman/app/resources/app/js/vendor-shared.js:397115:24)\n    at SafeSubscriber.__tryOrUnsub (file:///opt/postman/app/resources/app/js/vendor-shared.js:42001:16)\n    at SafeSubscriber.next (file:///opt/postman/app/resources/app/js/vendor-shared.js:41939:22)\n    at Subscriber._next (file:///opt/postman/app/resources/app/js/vendor-shared.js:41882:26)\n    at Subscriber.next (file:///opt/postman/app/resources/app/js/vendor-shared.js:41859:18)\n    at FilterSubscriber._next (file:///opt/postman/app/resources/app/js/vendor-shared.js:144711:30)\n    at FilterSubscriber.Subscriber.next (file:///opt/postman/app/resources/app/js/vendor-shared.js:41859:18)\n    at RefCountSubscriber.Subscriber._next (file:///opt/postman/app/resources/app/js/vendor-shared.js:41882:26)\n    at RefCountSubscriber.Subscriber.next (file:///opt/postman/app/resources/app/js/vendor-shared.js:41859:18)\n    at Subject.next (file:///opt/postman/app/resources/app/js/vendor-shared.js:75700:25)\n    at ConnectableSubscriber.Subscriber._next (file:///opt/postman/app/resources/app/js/vendor-shared.js:41882:26)\n    at ConnectableSubscriber.Subscriber.next (file:///opt/postman/app/resources/app/js/vendor-shared.js:41859:18)\n    at EventEmitter.realtimeRequestBus.subscribe.event (file:///opt/postman/app/resources/app/js/vendor-shared.js:397062:14)\n    at EventEmitter.emit (file:///opt/postman/app/resources/app/js/vendor-shared.js:50085:5)\n    at _dispatch (file:///opt/postman/app/resources/app/js/vendor-shared.js:143288:14)\n    at EventEmitter.<anonymous> (file:///opt/postman/app/resources/app/js/vendor-shared.js:143298:9)\n    at EventEmitter.emit (events.js:182:13)"}]
[3247][1576208620129][requester][warn]["APIDevService~getAPIs: Failed to get APIs.",{"error":{"message":"SyncRequestService\\x7erequestListener: Could not fetch from sync. Socket not connected."}}]
[3247][1576208620129][requester][warn]["Failed to refresh API List",{"error":{"message":"SyncRequestService\\x7erequestListener: Could not fetch from sync. Socket not connected."}}]
[3247][1576208632663][requester][error]["Error in update flow: {\"code\":\"EACCES\",\"errno\":-13,\"message\":\"EACCES: permission denied, open '/opt/postman/Postman-1576208630760.tar.gz'\",\"name\":\"Error\",\"path\":\"/opt/postman/Postman-1576208630760.tar.gz\",\"stack\":\"Error: EACCES: permission denied, open '/opt/postman/Postman-1576208630760.tar.gz'\",\"syscall\":\"open\"}"]
