[12264][1574815758122][shell][info]["EventBus~initialize - Success"]
[12264][1574815758129][shell][info]["shellController~init: Success"]
[12264][1574815758130][shell][info]["shellMeta~init: Success"]
[12264][1574815758161][shell][info]["init~setViewAttributes - Initializing view with opts:",{"devtools":false,"id":2,"startTime":1574815757708,"type":"shared","partitionId":"default"}]
[12264][1574815758166][shell][info]["init~setViewAttributes - Success"]
[12264][1574815761697][shell][info]["EventBus~initialize - Success"]
[12264][1574815761704][shell][info]["shellController~init: Success"]
[12264][1574815761705][shell][info]["shellMeta~init: Success"]
[12264][1574815761725][shell][info]["init~setViewAttributes - Initializing view with opts:",{"allIds":[4],"devtools":false,"id":4,"primaryId":4,"startTime":1574815761250,"type":"requester","partitionId":"default"}]
[12264][1574815761729][shell][info]["init~setViewAttributes - Success"]
[6218][1574905411689][shell][info]["EventBus~initialize - Success"]
[6218][1574905411698][shell][info]["shellController~init: Success"]
[6218][1574905411699][shell][info]["shellMeta~init: Success"]
[6218][1574905411723][shell][info]["init~setViewAttributes - Initializing view with opts:",{"devtools":false,"id":2,"startTime":1574905411298,"type":"shared","partitionId":"default"}]
[6218][1574905411729][shell][info]["init~setViewAttributes - Success"]
[6218][1574905414017][shell][info]["EventBus~initialize - Success"]
[6218][1574905414022][shell][info]["shellController~init: Success"]
[6218][1574905414022][shell][info]["shellMeta~init: Success"]
[6218][1574905414037][shell][info]["init~setViewAttributes - Initializing view with opts:",{"allIds":[3],"devtools":false,"id":3,"primaryId":3,"startTime":1574905413665,"type":"requester","partitionId":"default"}]
[6218][1574905414042][shell][info]["init~setViewAttributes - Success"]
[12833][1574917974504][shell][info]["EventBus~initialize - Success"]
[12833][1574917974509][shell][info]["shellController~init: Success"]
[12833][1574917974510][shell][info]["shellMeta~init: Success"]
[12833][1574917974531][shell][info]["init~setViewAttributes - Initializing view with opts:",{"devtools":false,"id":2,"startTime":1574917974114,"type":"shared","partitionId":"default"}]
[12833][1574917974538][shell][info]["init~setViewAttributes - Success"]
[12833][1574917976948][shell][info]["EventBus~initialize - Success"]
[12833][1574917976952][shell][info]["shellController~init: Success"]
[12833][1574917976953][shell][info]["shellMeta~init: Success"]
[12833][1574917976969][shell][info]["init~setViewAttributes - Initializing view with opts:",{"allIds":[3],"devtools":false,"id":3,"primaryId":3,"startTime":1574917976459,"type":"requester","partitionId":"default"}]
[12833][1574917976970][shell][info]["init~setViewAttributes - Success"]
[20513][1576027813549][shell][info]["EventBus~initialize - Success"]
[20513][1576027813559][shell][info]["shellController~init: Success"]
[20513][1576027813560][shell][info]["shellMeta~init: Success"]
[20513][1576027813587][shell][info]["init~setViewAttributes - Initializing view with opts:",{"devtools":false,"id":2,"startTime":1576027812750,"type":"shared","partitionId":"default"}]
[20513][1576027813590][shell][info]["init~setViewAttributes - Success"]
[20513][1576027815878][shell][info]["EventBus~initialize - Success"]
[20513][1576027815883][shell][info]["shellController~init: Success"]
[20513][1576027815884][shell][info]["shellMeta~init: Success"]
[20513][1576027815896][shell][info]["init~setViewAttributes - Initializing view with opts:",{"allIds":[3],"devtools":false,"id":3,"primaryId":3,"startTime":1576027815573,"type":"requester","partitionId":"default"}]
[20513][1576027815897][shell][info]["init~setViewAttributes - Success"]
[5972][1576053737275][shell][info]["EventBus~initialize - Success"]
[5972][1576053737281][shell][info]["shellController~init: Success"]
[5972][1576053737282][shell][info]["shellMeta~init: Success"]
[5972][1576053737299][shell][info]["init~setViewAttributes - Initializing view with opts:",{"devtools":false,"id":2,"startTime":1576053736717,"type":"shared","partitionId":"default"}]
[5972][1576053737301][shell][info]["init~setViewAttributes - Success"]
[5972][1576053739256][shell][info]["EventBus~initialize - Success"]
[5972][1576053739263][shell][info]["shellController~init: Success"]
[5972][1576053739263][shell][info]["shellMeta~init: Success"]
[5972][1576053739284][shell][info]["init~setViewAttributes - Initializing view with opts:",{"allIds":[3],"devtools":false,"id":3,"primaryId":3,"startTime":1576053738889,"type":"requester","partitionId":"default"}]
[5972][1576053739288][shell][info]["init~setViewAttributes - Success"]
[327][1576118084289][shell][info]["EventBus~initialize - Success"]
[327][1576118084296][shell][info]["shellController~init: Success"]
[327][1576118084297][shell][info]["shellMeta~init: Success"]
[327][1576118084317][shell][info]["init~setViewAttributes - Initializing view with opts:",{"devtools":false,"id":2,"startTime":1576118083872,"type":"shared","partitionId":"default"}]
[327][1576118084318][shell][info]["init~setViewAttributes - Success"]
[327][1576118086979][shell][info]["EventBus~initialize - Success"]
[327][1576118086983][shell][info]["shellController~init: Success"]
[327][1576118086984][shell][info]["shellMeta~init: Success"]
[327][1576118086999][shell][info]["init~setViewAttributes - Initializing view with opts:",{"allIds":[3],"devtools":false,"id":3,"primaryId":3,"startTime":1576118086610,"type":"requester","partitionId":"default"}]
[327][1576118087003][shell][info]["init~setViewAttributes - Success"]
[327][1576139754018][shell][info]["EventBus~initialize - Success"]
[327][1576139754028][shell][info]["shellController~init: Success"]
[327][1576139754029][shell][info]["shellMeta~init: Success"]
[327][1576139754046][shell][info]["init~setViewAttributes - Initializing view with opts:",{"devtools":false,"id":4,"startTime":1576139753591,"type":"runner","partitionId":"default"}]
[327][1576139754048][shell][info]["init~setViewAttributes - Success"]
[3247][1576208615747][shell][info]["EventBus~initialize - Success"]
[3247][1576208615752][shell][info]["shellController~init: Success"]
[3247][1576208615752][shell][info]["shellMeta~init: Success"]
[3247][1576208615768][shell][info]["init~setViewAttributes - Initializing view with opts:",{"devtools":false,"id":2,"startTime":1576208615352,"type":"shared","partitionId":"default"}]
[3247][1576208615769][shell][info]["init~setViewAttributes - Success"]
[3247][1576208617884][shell][info]["EventBus~initialize - Success"]
[3247][1576208617889][shell][info]["shellController~init: Success"]
[3247][1576208617889][shell][info]["shellMeta~init: Success"]
[3247][1576208617901][shell][info]["init~setViewAttributes - Initializing view with opts:",{"allIds":[3],"devtools":false,"id":3,"primaryId":3,"startTime":1576208617557,"type":"requester","partitionId":"default"}]
[3247][1576208617902][shell][info]["init~setViewAttributes - Success"]
