v10.16.3
 Active  Name               Version         Desc
----------------------------------------------------------------------------------------------------
   ✔     solution.discuss   2019.02.03      Plugin to fetch most voted solution in discussions.
   ✔     company            2017.12.18      Plugin to query by company for free user.
   ✔     cache              default         Plugin to provide local cache.
   ✔     retry              default         Plugin to retry last failed request if autologin.enable is on.
   ✔     leetcode.cn        2018.11.25      Plugin to talk with leetcode-cn APIs.
   ✔     leetcode           default         Plugin to talk with leetcode APIs.
 Active  Name               Version         Desc
----------------------------------------------------------------------------------------------------
   ✔     solution.discuss   2019.02.03      Plugin to fetch most voted solution in discussions.
   ✔     company            2017.12.18      Plugin to query by company for free user.
   ✔     cache              default         Plugin to provide local cache.
   ✔     retry              default         Plugin to retry last failed request if autologin.enable is on.
   ✔     leetcode.cn        2018.11.25      Plugin to talk with leetcode-cn APIs.
   ✔     leetcode           default         Plugin to talk with leetcode APIs.
 Active  Name               Version         Desc
----------------------------------------------------------------------------------------------------
   ✔     solution.discuss   2019.02.03      Plugin to fetch most voted solution in discussions.
   ✔     company            2017.12.18      Plugin to query by company for free user.
   ✔     cache              default         Plugin to provide local cache.
   ✔     retry              default         Plugin to retry last failed request if autologin.enable is on.
   ✔     leetcode.cn        2018.11.25      Plugin to talk with leetcode-cn APIs.
   ✔     leetcode           default         Plugin to talk with leetcode APIs.
 Active  Name               Version         Desc
----------------------------------------------------------------------------------------------------
   ✔     solution.discuss   2019.02.03      Plugin to fetch most voted solution in discussions.
   ✔     company            2017.12.18      Plugin to query by company for free user.
   ✔     cache              default         Plugin to provide local cache.
   ✔     retry              default         Plugin to retry last failed request if autologin.enable is on.
   ✔     leetcode.cn        2018.11.25      Plugin to talk with leetcode-cn APIs.
   ✔     leetcode           default         Plugin to talk with leetcode APIs.
 Premium   User                 Host
------------------------------------------------------------
    ✘      fx1096015776-2       https://leetcode-cn.com
  　   [1335] 工作计划的最低难度                                           Hard   (51.91 %)
  　   [1334] 阈值距离内邻居最少的城市                                     Medium (39.15 %)
  　   [1333] 餐厅过滤器                                                   Medium (37.64 %)
  　   [1332] 删除回文子序列                                               Easy   (49.36 %)
  　   [1331] 数组序号转换                                                 Easy   (47.75 %)
  　   [1330] 翻转子数组得到最大的数组值                                   Hard   (22.95 %)
  　   [1329] 将矩阵按对角线排序                                           Medium (66.03 %)
  　   [1328] 破坏回文串                                                   Medium (38.92 %)
  　   [1326] 灌溉花园的最少水龙头数目                                     Hard   (42.94 %)
  　   [1325] 删除给定值的叶子节点                                         Medium (66.08 %)
  　   [1324] 竖直打印单词                                                 Medium (56.53 %)
  　   [1323] 6 和 9 组成的最大数字                                        Easy   (77.72 %)
  　   [1320] 二指输入的的最小距离                                         Hard   (52.08 %)
  　   [1319] 连通网络的操作次数                                           Medium (44.80 %)
  　   [1318] 或运算的最小翻转次数                                         Medium (57.34 %)
  　   [1317] 将整数转换为两个无零整数的和                                 Easy   (60.53 %)
  　   [1316] 不同的循环子字符串                                           Hard   (38.97 %)
  　   [1315] 祖父节点值为偶数的节点和                                     Medium (80.83 %)
  　   [1314] 矩阵区域和                                                   Medium (72.19 %)
  　   [1313] 解压缩编码列表                                               Easy   (83.68 %)
  　   [1312] 让字符串成为回文串的最少插入次数                             Hard   (55.77 %)
  　   [1311] 获取你好友已观看的视频                                       Medium (33.99 %)
  　   [1310] 子数组异或查询                                               Medium (60.47 %)
  　   [1309] 解码字母到整数映射                                           Easy   (74.73 %)
  　   [1307] 口算难题                                                     Hard   (32.97 %)
  　   [1306] 跳跃游戏 III                                                 Medium (56.70 %)
  　   [1305] 两棵二叉搜索树中的所有元素                                   Medium (73.89 %)
  　   [1304] 和为零的N个唯一整数                                          Easy   (74.94 %)
  　   [1302] 层数最深叶子节点的和                                         Medium (81.16 %)
  　   [1301] 最大得分的路径数目                                           Hard   (31.50 %)
  　   [1300] 转变数组后最接近目标值的数组和                               Medium (40.66 %)
  　   [1299] 将每个元素替换为右侧最大元素                                 Easy   (73.08 %)
  　   [1298] 你能从盒子里获得的最大糖果数                                 Hard   (58.32 %)
  　   [1297] 子串的最大出现次数                                           Medium (42.00 %)
  　   [1296] 划分数组为连续数字的集合                                     Medium (39.40 %)
  　   [1295] 统计位数为偶数的数字                                         Easy   (81.45 %)
  　   [1293] 网格中的最短路径                                             Hard   (34.35 %)
  　   [1292] 元素和小于等于阈值的正方形的最大边长                         Medium (39.98 %)
  　   [1291] 顺次数                                                       Medium (45.76 %)
  　   [1290] 二进制链表转整数                                             Easy   (80.08 %)
  　   [1289] 下降路径最小和  II                                           Hard   (56.39 %)
  　   [1288] 删除被覆盖区间                                               Medium (54.53 %)
  　   [1287] 有序数组中出现次数超过25%的元素                              Easy   (59.51 %)
  　   [1286] 字母组合迭代器                                               Medium (56.39 %)
  　   [1284] 转化为全零矩阵的最少反转次数                                 Hard   (64.80 %)
  　   [1283] 使结果不超过阈值的最小除数                                   Medium (30.57 %)
  　   [1282] 用户分组                                                     Medium (79.21 %)
  　   [1281] 整数的各位积和之差                                           Easy   (81.50 %)
  　   [1278] 分割回文串 III                                               Hard   (53.49 %)
  　   [1277] 统计全为 1 的正方形子矩阵                                    Medium (65.00 %)
  　   [1276] 不浪费原料的汉堡制作方案                                     Medium (48.56 %)
  　   [1275] 找出井字棋的获胜者                                           Easy   (50.21 %)
  　   [1269] 停在原地的方案数                                             Hard   (36.31 %)
  　   [1268] 搜索推荐系统                                                 Medium (50.03 %)
  　   [1267] 统计参与通信的服务器                                         Medium (58.72 %)
  　   [1266] 访问所有点的最小时间                                         Easy   (80.20 %)
  　   [1263] 推箱子                                                       Hard   (41.36 %)
  　   [1262] 可被三整除的最大和                                           Medium (42.60 %)
  　   [1261] 在受污染的二叉树中查找元素                                   Medium (70.51 %)
  　   [1260] 二维网格迁移                                                 Easy   (57.80 %)
  　   [1255] 得分最高的单词集合                                           Hard   (62.53 %)
  　   [1254] 统计封闭岛屿的数目                                           Medium (58.63 %)
  　   [1253] 重构 2 行二进制矩阵                                          Medium (34.75 %)
  　   [1252] 奇数值单元格的数目                                           Easy   (74.60 %)
  　   [1250] 检查「好数组」                                               Hard   (49.85 %)
  　   [1249] 移除无效的括号                                               Medium (53.33 %)
  　   [1248] 统计「优美子数组」                                           Medium (46.56 %)
  　   [1247] 交换字符使得字符串相同                                       Medium (52.85 %)
  　   [1240] 铺瓷砖                                                       Hard   (45.40 %)
  　   [1239] 串联字符串的最大长度                                         Medium (36.56 %)
  　   [1238] 循环码排列                                                   Medium (59.38 %)
  　   [1237] 找出给定方程的正整数解                                       Easy   (67.53 %)
  　   [1235] 规划兼职工作                                                 Hard   (41.60 %)
  　   [1234] 替换子串得到平衡字符串                                       Medium (27.73 %)
  　   [1233] 删除子文件夹                                                 Medium (40.96 %)
  　   [1232] 缀点成线                                                     Easy   (49.40 %)
  　   [1227] 飞机座位分配概率                                             Medium (63.11 %)
  　   [1224] 最大相等频率                                                 Hard   (27.34 %)
  　   [1223] 掷骰子模拟                                                   Medium (41.61 %)
  　   [1222] 可以攻击国王的皇后                                           Medium (62.84 %)
  　   [1221] 分割平衡字符串                                               Easy   (76.89 %)
  　   [1220] 统计元音字母序列的数目                                       Hard   (53.00 %)
  　   [1219] 黄金矿工                                                     Medium (60.43 %)
  　   [1218] 最长定差子序列                                               Medium (34.83 %)
  　   [1217] 玩筹码                                                       Easy   (66.80 %)
  　   [1210] 穿过迷宫的最少移动次数                                       Hard   (42.21 %)
  　   [1209] 删除字符串中的所有相邻重复项 II                              Medium (51.64 %)
  　   [1208] 尽可能使字符串相等                                           Medium (29.57 %)
  　   [1207] 独一无二的出现次数                                           Easy   (67.83 %)
  　   [1206] 设计跳表                                                     Hard   (52.96 %)
  　   [1203] 项目管理                                                     Hard   (33.41 %)
  　   [1202] 交换字符串中的元素                                           Medium (27.84 %)
  　   [1201] 丑数 III                                                     Medium (19.00 %)
  　   [1200] 最小绝对差                                                   Easy   (64.85 %)
  　   [1192] 查找集群内的「关键连接」                                     Hard   (33.50 %)
  　   [1191] K 次串联后最大子数组之和                                     Medium (23.37 %)
  　   [1190] 反转每对括号间的子串                                         Medium (50.83 %)
  　   [1189] “气球” 的最大数量                                          Easy   (62.15 %)
  　   [1187] 使数组严格递增                                               Hard   (36.71 %)
  　   [1186] 删除一次得到子数组最大和                                     Medium (28.29 %)
  　   [1185] 一周中的第几天                                               Easy   (58.04 %)
  　   [1184] 公交站间的距离                                               Easy   (55.86 %)
  　   [1179] 重新格式化部门表                                             Easy   (65.83 %)
  　   [1178] 猜字谜                                                       Hard   (25.43 %)
  　   [1177] 构建回文串检测                                               Medium (19.50 %)
  　   [1175] 质数排列                                                     Easy   (46.11 %)
  　   [1172] 餐盘栈                                                       Hard   (23.02 %)
  　   [1171] 从链表中删去总和值为零的连续节点                             Medium (35.44 %)
  　   [1170] 比较字符串最小字母出现频次                                   Easy   (59.15 %)
  　   [1169] 查询无效交易                                                 Medium (28.53 %)
  　   [1163] 按字典序排在最后的子串                                       Hard   (21.54 %)
  　   [1162] 地图分析                                                     Medium (37.27 %)
  　   [1161] 最大层内元素和                                               Medium (66.92 %)
  　   [1160] 拼写单词                                                     Easy   (63.85 %)
  　   [1157] 子数组中占绝大多数的元素                                     Hard   (23.15 %)
  　   [1156] 单字符重复子串的最大长度                                     Medium (41.90 %)
  　   [1155] 掷骰子的N种方法                                              Medium (41.41 %)
  　   [1154] 一年中的第几天                                               Easy   (51.80 %)
  　   [1147] 段式回文                                                     Hard   (50.81 %)
  　   [1146] 快照数组                                                     Medium (21.87 %)
  　   [1145] 二叉树着色游戏                                               Medium (38.17 %)
  　   [1144] 递减元素使数组呈锯齿状                                       Medium (40.13 %)
  　   [1143] 最长公共子序列                                               Medium (57.90 %)
  　   [1140] 石子游戏 II                                                  Medium (56.63 %)
  　   [1139] 最大的以 1 为边界的正方形                                    Medium (40.49 %)
  　   [1138] 字母板上的路径                                               Medium (37.26 %)
  　   [1137] 第 N 个泰波那契数                                            Easy   (52.05 %)
  　   [1131] 绝对值表达式的最大值                                         Medium (37.69 %)
  　   [1130] 叶值的最小代价生成树                                         Medium (55.77 %)
  　   [1129] 颜色交替的最短路径                                           Medium (33.02 %)
  　   [1128] 等价多米诺骨牌对的数量                                       Easy   (40.83 %)
  　   [1125] 最小的必要团队                                               Hard   (39.13 %)
  　   [1124] 表现良好的最长时间段                                         Medium (22.69 %)
  　   [1123] 最深叶节点的最近公共祖先                                     Medium (62.81 %)
  　   [1122] 数组的相对排序                                               Easy   (65.11 %)
  　   [1111] 有效括号的嵌套深度                                           Medium (66.12 %)
  　   [1110] 删点成林                                                     Medium (56.33 %)
  　   [1109] 航班预订统计                                                 Medium (37.75 %)
  　   [1108] IP 地址无效化                                                Easy   (80.68 %)
  　   [1106] 解析布尔表达式                                               Hard   (53.36 %)
  　   [1105] 填充书架                                                     Medium (47.35 %)
  　   [1104] 二叉树寻路                                                   Medium (66.81 %)
  　   [1103] 分糖果 II                                                    Easy   (60.95 %)
  　   [1096] 花括号展开 II                                                Hard   (45.97 %)
  　   [1095] 山脉数组中查找目标值                                         Hard   (28.99 %)
  　   [1094] 拼车                                                         Medium (51.74 %)
  　   [1093] 大样本统计                                                   Medium (38.49 %)
  　   [1092] 最短公共超序列                                               Hard   (37.68 %)
  　   [1091] 二进制矩阵中的最短路径                                       Medium (27.91 %)
  　   [1090] 受标签影响的最大值                                           Medium (47.37 %)
  　   [1089] 复写零                                                       Easy   (57.62 %)
  　   [1081] 不同字符的最小子序列                                         Medium (42.98 %)
  　   [1080] 根到叶路径上的不足节点                                       Medium (42.26 %)
  　   [1079] 活字印刷                                                     Medium (72.29 %)
  　   [1078] Bigram 分词                                                  Easy   (59.79 %)
  　   [1074] 元素和为目标值的子矩阵数量                                   Hard   (40.87 %)
  　   [1073] 负二进制数相加                                               Medium (29.18 %)
  　   [1072] 按列翻转得到最大值等行数                                     Medium (47.06 %)
  　   [1071] 字符串的最大公因子                                           Easy   (49.18 %)
  　   [1054] 距离相等的条形码                                             Medium (31.06 %)
  　   [1053] 交换一次的先前排列                                           Medium (41.54 %)
  　   [1052] 爱生气的书店老板                                             Medium (46.48 %)
  　   [1051] 高度检查器                                                   Easy   (72.17 %)
  　   [1049] 最后一块石头的重量 II                                        Medium (39.23 %)
  　   [1048] 最长字符串链                                                 Medium (39.00 %)
  　   [1047] 删除字符串中的所有相邻重复项                                 Easy   (65.68 %)
  　   [1046] 最后一块石头的重量                                           Easy   (58.87 %)
  　   [1044] 最长重复子串                                                 Hard   (15.63 %)
  　   [1043] 分隔数组以得到最大和                                         Medium (62.83 %)
  　   [1042] 不邻接植花                                                   Easy   (46.33 %)
  　   [1041] 困于环中的机器人                                             Medium (42.85 %)
  　   [1040] 移动石子直到连续 II                                          Medium (44.07 %)
  　   [1039] 多边形三角剖分的最低得分                                     Medium (46.82 %)
  　   [1038] 从二叉搜索树到更大和树                                       Medium (72.17 %)
  　   [1037] 有效的回旋镖                                                 Easy   (39.58 %)
  　   [1036] 逃离大迷宫                                                   Hard   (25.61 %)
  　   [1035] 不相交的线                                                   Medium (49.54 %)
  　   [1034] 边框着色                                                     Medium (40.20 %)
  　   [1033] 移动石子直到连续                                             Easy   (36.42 %)
  　   [1032] 字符流                                                       Hard   (29.68 %)
  　   [1031] 两个非重叠子数组的最大和                                     Medium (49.46 %)
  　   [1030] 距离顺序排列矩阵单元格                                       Easy   (61.60 %)
  　   [1029] 两地调度                                                     Easy   (57.67 %)
  　   [1028] 从先序遍历还原二叉树                                         Hard   (60.19 %)
  　   [1027] 最长等差数列                                                 Medium (39.61 %)
  　   [1026] 节点与其祖先之间的最大差值                                   Medium (56.59 %)
  　   [1025] 除数博弈                                                     Easy   (69.17 %)
  　   [1024] 视频拼接                                                     Medium (45.29 %)
  　   [1023] 驼峰式匹配                                                   Medium (52.01 %)
  　   [1022] 从根到叶的二进制数之和                                       Easy   (55.61 %)
  　   [1021] 删除最外层的括号                                             Easy   (75.81 %)
  　   [1020] 飞地的数量                                                   Medium (49.09 %)
  　   [1019] 链表中的下一个更大节点                                       Medium (49.90 %)
  　   [1018] 可被 5 整除的二进制前缀                                      Easy   (43.99 %)
  　   [1017] 负二进制转换                                                 Medium (51.58 %)
  　   [1016] 子串能表示从 1 到 N 数字的二进制串                           Medium (55.96 %)
  　   [1015] 可被 K 整除的最小整数                                        Medium (28.71 %)
  　   [1014] 最佳观光组合                                                 Medium (46.83 %)
  　   [1013] 将数组分成和相等的三个部分                                   Easy   (53.46 %)
  　   [1012] 至少有 1 位重复的数字                                        Hard   (26.80 %)
  　   [1011] 在 D 天内送达包裹的能力                                      Medium (49.93 %)
  　   [1010] 总持续时间可被 60 整除的歌曲                                 Easy   (42.69 %)
  　   [1009] 十进制整数的反码                                             Easy   (58.59 %)
  　   [1008] 先序遍历构造二叉树                                           Medium (71.23 %)
  　   [1007] 行相等的最少多米诺旋转                                       Medium (42.56 %)
  　   [1006] 笨阶乘                                                       Medium (49.73 %)
  　   [1005] K 次取反后最大化的数组和                                     Easy   (50.34 %)
  　   [1004] 最大连续1的个数 III                                          Medium (46.39 %)
  　   [1003] 检查替换后的词是否有效                                       Medium (55.58 %)
  　   [1002] 查找常用字符                                                 Easy   (65.97 %)
  　   [1001] 网格照明                                                     Hard   (27.57 %)
  　   [1000] 合并石头的最低成本                                           Hard   (28.43 %)
  　   [ 999] 车的可用捕获量                                               Easy   (65.35 %)
  　   [ 998] 最大二叉树 II                                                Medium (56.96 %)
  　   [ 997] 找到小镇的法官                                               Easy   (49.44 %)
  　   [ 996] 正方形数组的数目                                             Hard   (42.42 %)
  　   [ 995] K 连续位的最小翻转次数                                       Hard   (38.67 %)
  　   [ 994] 腐烂的橘子                                                   Easy   (46.22 %)
  　   [ 993] 二叉树的堂兄弟节点                                           Easy   (49.59 %)
  　   [ 992] K 个不同整数的子数组                                         Hard   (24.26 %)
  　   [ 991] 坏了的计算器                                                 Medium (50.53 %)
  　   [ 990] 等式方程的可满足性                                           Medium (38.19 %)
  　   [ 989] 数组形式的整数加法                                           Easy   (43.01 %)
  　   [ 988] 从叶结点开始的最小字符串                                     Medium (42.25 %)
  　   [ 987] 二叉树的垂序遍历                                             Medium (37.11 %)
  　   [ 986] 区间列表的交集                                               Medium (60.83 %)
  　   [ 985] 查询后的偶数和                                               Easy   (58.60 %)
  　   [ 984] 不含 AAA 或 BBB 的字符串                                     Medium (35.33 %)
  　   [ 983] 最低票价                                                     Medium (55.63 %)
  　   [ 982] 按位与为零的三元组                                           Hard   (48.83 %)
  　   [ 981] 基于时间的键值存储                                           Medium (34.31 %)
  　   [ 980] 不同路径 III                                                 Hard   (69.35 %)
  　   [ 979] 在二叉树中分配硬币                                           Medium (64.70 %)
  　   [ 978] 最长湍流子数组                                               Medium (37.83 %)
  　   [ 977] 有序数组的平方                                               Easy   (70.90 %)
  　   [ 976] 三角形的最大周长                                             Easy   (54.50 %)
  　   [ 975] 奇偶跳                                                       Hard   (40.32 %)
  　   [ 974] 和可被 K 整除的子数组                                        Medium (36.38 %)
  　   [ 973] 最接近原点的 K 个点                                          Medium (57.27 %)
  　   [ 972] 相等的有理数                                                 Hard   (42.07 %)
  　   [ 971] 翻转二叉树以匹配先序遍历                                     Medium (42.19 %)
  　   [ 970] 强整数                                                       Easy   (38.60 %)
  　   [ 969] 煎饼排序                                                     Medium (62.21 %)
  　   [ 968] 监控二叉树                                                   Hard   (35.35 %)
  　   [ 967] 连续差相同的数字                                             Medium (34.60 %)
  　   [ 966] 元音拼写检查器                                               Medium (37.10 %)
  　   [ 965] 单值二叉树                                                   Easy   (66.45 %)
  　   [ 964] 表示数字的最少运算符                                         Hard   (32.90 %)
  　   [ 963] 最小面积矩形 II                                              Medium (48.91 %)
  　   [ 962] 最大宽度坡                                                   Medium (35.34 %)
  　   [ 961] 重复 N 次的元素                                              Easy   (66.02 %)
  　   [ 960] 删列造序 III                                                 Hard   (48.03 %)
  　   [ 959] 由斜杠划分区域                                               Medium (64.40 %)
  　   [ 958] 二叉树的完全性检验                                           Medium (46.13 %)
  　   [ 957] N 天后的牢房                                                 Medium (32.73 %)
  　   [ 956] 最高的广告牌                                                 Hard   (36.67 %)
  　   [ 955] 删列造序 II                                                  Medium (27.48 %)
  　   [ 954] 二倍数对数组                                                 Medium (26.11 %)
  　   [ 953] 验证外星语词典                                               Easy   (56.47 %)
  　   [ 952] 按公因数计算最大组件大小                                     Hard   (27.33 %)
  　   [ 951] 翻转等价二叉树                                               Medium (61.27 %)
  　   [ 950] 按递增顺序显示卡牌                                           Medium (75.34 %)
  　   [ 949] 给定数字能组成的最大时间                                     Easy   (34.15 %)
  　   [ 948] 令牌放置                                                     Medium (35.76 %)
  　   [ 947] 移除最多的同行或同列石头                                     Medium (46.26 %)
  　   [ 946] 验证栈序列                                                   Medium (53.13 %)
  　   [ 945] 使数组唯一的最小增量                                         Medium (41.70 %)
  　   [ 944] 删列造序                                                     Easy   (68.16 %)
  　   [ 943] 最短超级串                                                   Hard   (36.84 %)
  　   [ 942] 增减字符串匹配                                               Easy   (70.99 %)
  　   [ 941] 有效的山脉数组                                               Easy   (34.67 %)
  　   [ 940] 不同的子序列 II                                              Hard   (41.46 %)
  　   [ 939] 最小面积矩形                                                 Medium (42.30 %)
  　   [ 938] 二叉搜索树的范围和                                           Easy   (75.65 %)
  　   [ 937] 重新排列日志文件                                             Easy   (51.18 %)
  　   [ 936] 戳印序列                                                     Hard   (29.57 %)
  　   [ 935] 骑士拨号器                                                   Medium (39.73 %)
  　   [ 934] 最短的桥                                                     Medium (42.94 %)
  　   [ 933] 最近的请求次数                                               Easy   (69.59 %)
  　   [ 932] 漂亮数组                                                     Medium (56.66 %)
  　   [ 931] 下降路径最小和                                               Medium (59.07 %)
  　   [ 930] 和相同的二元子数组                                           Medium (34.53 %)
  　   [ 929] 独特的电子邮件地址                                           Easy   (63.87 %)
  　   [ 928] 尽量减少恶意软件的传播 II                                    Hard   (38.60 %)
  　   [ 927] 三等分                                                       Hard   (29.46 %)
  　   [ 926] 将字符串翻转到单调递增                                       Medium (44.13 %)
  　   [ 925] 长按键入                                                     Easy   (44.96 %)
  　   [ 924] 尽量减少恶意软件的传播                                       Hard   (41.17 %)
  　   [ 923] 三数之和的多种可能                                           Medium (30.29 %)
  　   [ 922] 按奇偶排序数组 II                                            Easy   (66.65 %)
  　   [ 921] 使括号有效的最少添加                                         Medium (69.63 %)
  　   [ 920] 播放列表的数量                                               Hard   (42.25 %)
  　   [ 919] 完全二叉树插入器                                             Medium (58.82 %)
  　   [ 918] 环形子数组的最大和                                           Medium (30.53 %)
  　   [ 917] 仅仅反转字母                                                 Easy   (53.00 %)
  　   [ 916] 单词子集                                                     Medium (38.07 %)
  　   [ 915] 分割数组                                                     Medium (42.43 %)
  　   [ 914] 卡牌分组                                                     Easy   (32.63 %)
  　   [ 913] 猫和老鼠                                                     Hard   (28.57 %)
  　   [ 912] 排序数组                                                     Medium (52.28 %)
  　   [ 911] 在线选举                                                     Medium (37.19 %)
  　   [ 910] 最小差值 II                                                  Medium (25.21 %)
  　   [ 909] 蛇梯棋                                                       Medium (28.83 %)
  　   [ 908] 最小差值 I                                                   Easy   (67.14 %)
  　   [ 907] 子数组的最小值之和                                           Medium (26.98 %)
  　   [ 906] 超级回文数                                                   Hard   (21.18 %)
  　   [ 905] 按奇偶排序数组                                               Easy   (68.05 %)
  　   [ 904] 水果成篮                                                     Medium (36.77 %)
  　   [ 903] DI 序列的有效排列                                            Hard   (48.80 %)
  　   [ 902] 最大为 N 的数字组合                                          Hard   (27.55 %)
  　   [ 901] 股票价格跨度                                                 Medium (37.41 %)
  　   [ 900] RLE 迭代器                                                   Medium (41.45 %)
  　   [ 899] 有序队列                                                     Hard   (49.40 %)
  　   [ 898] 子数组按位或操作                                             Medium (26.24 %)
  　   [ 897] 递增顺序查找树                                               Easy   (64.81 %)
  　   [ 896] 单调数列                                                     Easy   (50.63 %)
  　   [ 895] 最大频率栈                                                   Hard   (45.02 %)
  　   [ 894] 所有可能的满二叉树                                           Medium (73.17 %)
  　   [ 893] 特殊等价字符串组                                             Easy   (65.58 %)
  　   [ 892] 三维形体的表面积                                             Easy   (55.57 %)
  　   [ 891] 子序列宽度之和                                               Hard   (26.99 %)
  　   [ 890] 查找和替换模式                                               Medium (69.46 %)
  　   [ 889] 根据前序和后序遍历构造二叉树                                 Medium (61.75 %)
  　   [ 888] 公平的糖果交换                                               Easy   (51.15 %)
  　   [ 887] 鸡蛋掉落                                                     Hard   (20.55 %)
  　   [ 886] 可能的二分法                                                 Medium (34.57 %)
  　   [ 885] 螺旋矩阵 III                                                 Medium (63.12 %)
  　   [ 884] 两句话中的不常见单词                                         Easy   (60.20 %)
  　   [ 883] 三维形体投影面积                                             Easy   (63.29 %)
  　   [ 882] 细分图中的可到达结点                                         Hard   (36.33 %)
  　   [ 881] 救生艇                                                       Medium (39.35 %)
  　   [ 880] 索引处的解码字符串                                           Medium (21.80 %)
  　   [ 879] 盈利计划                                                     Hard   (30.36 %)
  　   [ 878] 第 N 个神奇数字                                              Hard   (21.87 %)
  　   [ 877] 石子游戏                                                     Medium (67.29 %)
  　   [ 876] 链表的中间结点                                               Easy   (64.15 %)
  　   [ 875] 爱吃香蕉的珂珂                                               Medium (38.70 %)
  　   [ 874] 模拟行走机器人                                               Easy   (31.56 %)
  　   [ 873] 最长的斐波那契子序列的长度                                   Medium (44.75 %)
  　   [ 872] 叶子相似的树                                                 Easy   (61.71 %)
  　   [ 871] 最低加油次数                                                 Hard   (29.12 %)
  　   [ 870] 优势洗牌                                                     Medium (34.79 %)
  　   [ 869] 重新排序得到 2 的幂                                          Medium (48.02 %)
  　   [ 868] 二进制间距                                                   Easy   (59.78 %)
  　   [ 867] 转置矩阵                                                     Easy   (66.71 %)
  　   [ 866] 回文素数                                                     Medium (18.76 %)
  　   [ 865] 具有所有最深结点的最小子树                                   Medium (50.68 %)
  　   [ 864] 获取所有钥匙的最短路径                                       Hard   (40.11 %)
  　   [ 863] 二叉树中所有距离为 K 的结点                                  Medium (45.71 %)
  　   [ 862] 和至少为 K 的最短子数组                                      Hard   (12.84 %)
  　   [ 861] 翻转矩阵后的得分                                             Medium (73.50 %)
  　   [ 860] 柠檬水找零                                                   Easy   (53.53 %)
  　   [ 859] 亲密字符串                                                   Easy   (27.83 %)
  　   [ 858] 镜面反射                                                     Medium (50.94 %)
  　   [ 857] 雇佣 K 名工人的最低成本                                      Hard   (37.72 %)
  　   [ 856] 括号的分数                                                   Medium (57.11 %)
  　   [ 855] 考场就座                                                     Medium (30.69 %)
  　   [ 854] 相似度为 K 的字符串                                          Hard   (27.59 %)
  　   [ 853] 车队                                                         Medium (34.42 %)
  　   [ 852] 山脉数组的峰顶索引                                           Easy   (69.03 %)
  　   [ 851] 喧闹和富有                                                   Medium (41.45 %)
  　   [ 850] 矩形面积 II                                                  Hard   (39.01 %)
  　   [ 849] 到最近的人的最大距离                                         Easy   (38.12 %)
  　   [ 848] 字母移位                                                     Medium (38.12 %)
  　   [ 847] 访问所有节点的最短路径                                       Hard   (50.48 %)
  　   [ 846] 一手顺子                                                     Medium (45.42 %)
  　   [ 845] 数组中的最长山脉                                             Medium (33.18 %)
  　   [ 844] 比较含退格的字符串                                           Easy   (49.83 %)
  　   [ 843] 猜猜这个单词                                                 Hard   (32.88 %)
  　   [ 842] 将数组拆分成斐波那契序列                                     Medium (35.47 %)
  　   [ 841] 钥匙和房间                                                   Medium (59.06 %)
  　   [ 840] 矩阵中的幻方                                                 Easy   (32.96 %)
  　   [ 839] 相似字符串组                                                 Hard   (29.18 %)
  　   [ 838] 推多米诺                                                     Medium (43.93 %)
  　   [ 837] 新21点                                                       Medium (24.88 %)
  　   [ 836] 矩形重叠                                                     Easy   (44.80 %)
  　   [ 835] 图像重叠                                                     Medium (56.99 %)
  　   [ 834] 树中距离之和                                                 Hard   (31.22 %)
  　   [ 833] 字符串中的查找与替换                                         Medium (36.99 %)
  　   [ 832] 翻转图像                                                     Easy   (73.97 %)
  　   [ 831] 隐藏个人信息                                                 Medium (36.92 %)
  　   [ 830] 较大分组的位置                                               Easy   (45.34 %)
  　   [ 829] 连续整数求和                                                 Hard   (30.34 %)
  　   [ 828] 独特字符串                                                   Hard   (37.14 %)
  　   [ 827] 最大人工岛                                                   Hard   (38.44 %)
  　   [ 826] 安排工作以达到最大收益                                       Medium (33.90 %)
  　   [ 825] 适龄的朋友                                                   Medium (33.14 %)
  　   [ 824] 山羊拉丁文                                                   Easy   (58.53 %)
  　   [ 823] 带因子的二叉树                                               Medium (38.31 %)
  　   [ 822] 翻转卡片游戏                                                 Medium (45.72 %)
  　   [ 821] 字符的最短距离                                               Easy   (66.00 %)
  　   [ 820] 单词的压缩编码                                               Medium (38.78 %)
  　   [ 819] 最常见的单词                                                 Easy   (37.75 %)
  　   [ 818] 赛车                                                         Hard   (30.74 %)
  　   [ 817] 链表组件                                                     Medium (55.53 %)
  　   [ 816] 模糊坐标                                                     Medium (47.93 %)
  　   [ 815] 公交路线                                                     Hard   (29.99 %)
  　   [ 814] 二叉树剪枝                                                   Medium (71.90 %)
  　   [ 813] 最大平均值和的分组                                           Medium (46.73 %)
  　   [ 812] 最大三角形面积                                               Easy   (59.15 %)
  　   [ 811] 子域名访问计数                                               Easy   (65.80 %)
  　   [ 810] 黑板异或游戏                                                 Hard   (52.24 %)
  　   [ 809] 情感丰富的文字                                               Medium (37.64 %)
  　   [ 808] 分汤                                                         Medium (44.72 %)
  　   [ 807] 保持城市天际线                                               Medium (79.72 %)
  　   [ 806] 写字符串需要的行数                                           Easy   (63.92 %)
  　   [ 805] 数组的均值分割                                               Hard   (24.45 %)
  　   [ 804] 唯一摩尔斯密码词                                             Easy   (73.84 %)
  　   [ 803] 打砖块                                                       Hard   (23.38 %)
  　   [ 802] 找到最终的安全状态                                           Medium (45.24 %)
  　   [ 801] 使序列递增的最小交换次数                                     Medium (36.33 %)
  　   [ 799] 香槟塔                                                       Medium (34.35 %)
  　   [ 798] 得分最高的最小轮调                                           Hard   (34.70 %)
  　   [ 797] 所有可能的路径                                               Medium (74.51 %)
  　   [ 796] 旋转字符串                                                   Easy   (49.02 %)
  　   [ 795] 区间子数组个数                                               Medium (46.60 %)
  　   [ 794] 有效的井字游戏                                               Medium (32.34 %)
  　   [ 793] 阶乘函数后K个零                                              Hard   (33.03 %)
  　   [ 792] 匹配子序列的单词数                                           Medium (40.86 %)
  　   [ 791] 自定义字符串排序                                             Medium (64.70 %)
  　   [ 790] 多米诺和托米诺平铺                                           Medium (39.12 %)
  　   [ 789] 逃脱阻碍者                                                   Medium (57.72 %)
  　   [ 788] 旋转数字                                                     Easy   (58.61 %)
  　   [ 787] K 站中转内最便宜的航班                                       Medium (35.07 %)
  　   [ 786] 第 K 个最小的素数分数                                        Hard   (34.15 %)
  　   [ 785] 判断二分图                                                   Medium (42.22 %)
  　   [ 784] 字母大小写全排列                                             Easy   (61.94 %)
  　   [ 783] 二叉搜索树结点最小距离                                       Easy   (51.42 %)
  　   [ 782] 变为棋盘                                                     Hard   (40.32 %)
  　   [ 781] 森林中的兔子                                                 Medium (53.21 %)
  　   [ 780] 到达终点                                                     Hard   (27.13 %)
  　   [ 779] 第K个语法符号                                                Medium (42.62 %)
  　   [ 778] 水位上升的泳池中游泳                                         Hard   (46.01 %)
  　   [ 777] 在LR字符串中交换相邻字符                                     Medium (31.48 %)
  　   [ 775] 全局倒置与局部倒置                                           Medium (40.91 %)
  　   [ 773] 滑动谜题                                                     Hard   (56.57 %)
  　   [ 771] 宝石与石头                                                   Easy   (81.53 %)
  　   [ 770] 基本计算器 IV                                                Hard   (48.22 %)
  　   [ 769] 最多能完成排序的块                                           Medium (52.61 %)
  　   [ 768] 最多能完成排序的块 II                                        Hard   (44.47 %)
  　   [ 767] 重构字符串                                                   Medium (38.42 %)
  　   [ 766] 托普利茨矩阵                                                 Easy   (62.91 %)
  　   [ 765] 情侣牵手                                                     Hard   (55.75 %)
  　   [ 764] 最大加号标志                                                 Medium (46.44 %)
  　   [ 763] 划分字母区间                                                 Medium (69.26 %)
  　   [ 762] 二进制表示中质数个计算置位                                   Easy   (66.08 %)
  　   [ 761] 特殊的二进制序列                                             Hard   (54.49 %)
  　   [ 757]  设置交集大小至少为2                                         Hard   (33.19 %)
  　   [ 756] 金字塔转换矩阵                                               Medium (52.99 %)
  　   [ 754] 到达终点数字                                                 Medium (39.39 %)
  　   [ 753] 破解保险箱                                                   Hard   (53.50 %)
  　   [ 752] 打开转盘锁                                                   Medium (48.22 %)
  　   [ 749] 隔离病毒                                                     Hard   (48.54 %)
  　   [ 748] 最短完整词                                                   Easy   (56.73 %)
  　   [ 747] 至少是其他数字两倍的最大数                                   Easy   (38.80 %)
  　   [ 746] 使用最小花费爬楼梯                                           Easy   (46.19 %)
  　   [ 745] 前缀和后缀搜索                                               Hard   (29.69 %)
  　   [ 744] 寻找比目标字母大的最小字母                                   Easy   (44.45 %)
  　   [ 743] 网络延迟时间                                                 Medium (45.00 %)
  　   [ 741] 摘樱桃                                                       Hard   (29.61 %)
  　   [ 740] 删除与获得点数                                               Medium (50.48 %)
  　   [ 739] 每日温度                                                     Medium (57.62 %)
  　   [ 738] 单调递增的数字                                               Medium (41.12 %)
  　   [ 736] Lisp 语法解析                                                Hard   (42.78 %)
  　   [ 735] 行星碰撞                                                     Medium (37.16 %)
  　   [ 733] 图像渲染                                                     Easy   (52.59 %)
  　   [ 732] 我的日程安排表 III                                           Hard   (55.31 %)
  　   [ 731] 我的日程安排表 II                                            Medium (43.20 %)
  　   [ 730] 统计不同回文子字符串                                         Hard   (44.28 %)
  　   [ 729] 我的日程安排表 I                                             Medium (44.52 %)
  　   [ 728] 自除数                                                       Easy   (72.09 %)
  　   [ 726] 原子的数量                                                   Hard   (43.07 %)
  　   [ 725] 分隔链表                                                     Medium (52.18 %)
  　   [ 724] 寻找数组的中心索引                                           Easy   (35.90 %)
  　   [ 722] 删除注释                                                     Medium (26.86 %)
  　   [ 721] 账户合并                                                     Medium (30.54 %)
  　   [ 720] 词典中最长的单词                                             Easy   (44.63 %)
  　   [ 719] 找出第 k 小的距离对                                          Hard   (30.89 %)
  　   [ 718] 最长重复子数组                                               Medium (48.07 %)
  　   [ 717] 1比特与2比特字符                                             Easy   (46.19 %)
  　   [ 715] Range 模块                                                   Hard   (31.06 %)
  　   [ 714] 买卖股票的最佳时机含手续费                                   Medium (60.26 %)
  　   [ 713] 乘积小于K的子数组                                            Medium (34.02 %)
  　   [ 712] 两个字符串的最小ASCII删除和                                  Medium (60.48 %)
  　   [ 710] 黑名单中的随机数                                             Hard   (28.20 %)
  　   [ 709] 转换成小写字母                                               Easy   (75.12 %)
  　   [ 707] 设计链表                                                     Medium (24.12 %)
  　   [ 706] 设计哈希映射                                                 Easy   (55.86 %)
  　   [ 705] 设计哈希集合                                                 Easy   (55.15 %)
  　   [ 704] 二分查找                                                     Easy   (52.06 %)
  　   [ 703] 数据流中的第K大元素                                          Easy   (41.80 %)
  　   [ 701] 二叉搜索树中的插入操作                                       Medium (71.41 %)
  　   [ 700] 二叉搜索树中的搜索                                           Easy   (71.64 %)
  　   [ 699] 掉落的方块                                                   Hard   (38.22 %)
  　   [ 698] 划分为k个相等的子集                                          Medium (40.12 %)
  　   [ 697] 数组的度                                                     Easy   (51.05 %)
  　   [ 696] 计数二进制子串                                               Easy   (49.60 %)
  　   [ 695] 岛屿的最大面积                                               Medium (59.16 %)
  　   [ 693] 交替位二进制数                                               Easy   (60.35 %)
  　   [ 692] 前K个高频单词                                                Medium (47.68 %)
  　   [ 691] 贴纸拼词                                                     Hard   (42.78 %)
  　   [ 690] 员工的重要性                                                 Easy   (56.11 %)
  　   [ 689] 三个无重叠子数组的最大和                                     Hard   (43.49 %)
  　   [ 688] “马”在棋盘上的概率                                         Medium (45.09 %)
  　   [ 687] 最长同值路径                                                 Easy   (38.32 %)
  　   [ 686] 重复叠加字符串匹配                                           Easy   (33.03 %)
  　   [ 685] 冗余连接 II                                                  Hard   (33.31 %)
  　   [ 684] 冗余连接                                                     Medium (55.24 %)
  　   [ 682] 棒球比赛                                                     Easy   (65.51 %)
  　   [ 680] 验证回文字符串 Ⅱ                                            Easy   (34.62 %)
  　   [ 679] 24 点游戏                                                    Hard   (40.23 %)
  　   [ 678] 有效的括号字符串                                             Medium (29.30 %)
  　   [ 677] 键值映射                                                     Medium (60.38 %)
  　   [ 676] 实现一个魔法字典                                             Medium (54.60 %)
  　   [ 675] 为高尔夫比赛砍树                                             Hard   (32.94 %)
  　   [ 674] 最长连续递增序列                                             Easy   (43.52 %)
  　   [ 673] 最长递增子序列的个数                                         Medium (33.56 %)
  　   [ 672] 灯泡开关 Ⅱ                                                  Medium (52.41 %)
  　   [ 671] 二叉树中第二小的节点                                         Easy   (44.78 %)
  　   [ 670] 最大交换                                                     Medium (37.98 %)
  　   [ 669] 修剪二叉搜索树                                               Easy   (63.38 %)
  　   [ 668] 乘法表中第k小的数                                            Hard   (44.45 %)
  　   [ 667] 优美的排列 II                                                Medium (57.44 %)
  　   [ 665] 非递减数列                                                   Easy   (21.26 %)
  　   [ 664] 奇怪的打印机                                                 Hard   (41.15 %)
  　   [ 662] 二叉树最大宽度                                               Medium (34.92 %)
  　   [ 661] 图片平滑器                                                   Easy   (51.85 %)
  　   [ 659] 分割数组为连续子序列                                         Medium (40.14 %)
  　   [ 658] 找到 K 个最接近的元素                                        Medium (42.05 %)
  　   [ 657] 机器人能否返回原点                                           Easy   (72.98 %)
  　   [ 655] 输出二叉树                                                   Medium (53.51 %)
  　   [ 654] 最大二叉树                                                   Medium (78.52 %)
  　   [ 653] 两数之和 IV - 输入 BST                                       Easy   (53.10 %)
  　   [ 652] 寻找重复的子树                                               Medium (51.76 %)
  　   [ 650] 只有两个键的键盘                                             Medium (46.86 %)
  　   [ 649] Dota2 参议院                                                 Medium (36.43 %)
  　   [ 648] 单词替换                                                     Medium (53.61 %)
  　   [ 647] 回文子串                                                     Medium (60.21 %)
  　   [ 646] 最长数对链                                                   Medium (52.17 %)
  　   [ 645] 错误的集合                                                   Easy   (40.01 %)
  　   [ 643] 子数组最大平均数 I                                           Easy   (37.12 %)
  　   [ 641] 设计循环双端队列                                             Medium (49.10 %)
  　   [ 640] 求解方程                                                     Medium (39.60 %)
  　   [ 639] 解码方法 2                                                   Hard   (25.68 %)
  　   [ 638] 大礼包                                                       Medium (56.67 %)
  　   [ 637] 二叉树的层平均值                                             Easy   (62.46 %)
  　   [ 636] 函数的独占时间                                               Medium (48.31 %)
  　   [ 633] 平方数之和                                                   Easy   (32.26 %)
  　   [ 632] 最小区间                                                     Hard   (33.12 %)
  　   [ 630] 课程表 III                                                   Hard   (28.21 %)
  　   [ 629] K个逆序对数组                                                Hard   (36.84 %)
  　   [ 628] 三个数的最大乘积                                             Easy   (48.54 %)
  　 ✔ [ 627] 交换工资                                                     Easy   (74.79 %)
  　 ✔ [ 626] 换座位                                                       Medium (65.78 %)
  　   [ 623] 在二叉树中增加一行                                           Medium (49.67 %)
  　   [ 622] 设计循环队列                                                 Medium (39.75 %)
  　   [ 621] 任务调度器                                                   Medium (47.11 %)
  　 ✔ [ 620] 有趣的电影                                                   Easy   (74.21 %)
  　   [ 617] 合并二叉树                                                   Easy   (74.56 %)
  　   [ 611] 有效三角形的个数                                             Medium (47.79 %)
  　   [ 609] 在系统中查找重复文件                                         Medium (53.64 %)
  　   [ 606] 根据二叉树创建字符串                                         Easy   (52.00 %)
  　   [ 605] 种花问题                                                     Easy   (30.80 %)
  　 ✔ [ 601] 体育馆的人流量                                               Hard   (44.26 %)
  　   [ 600] 不含连续1的非负整数                                          Hard   (29.16 %)
  　   [ 599] 两个列表的最小索引总和                                       Easy   (49.46 %)
  　   [ 598] 范围求和 II                                                  Easy   (50.28 %)
  　 ✔ [ 596] 超过5名学生的课                                              Easy   (39.35 %)
  　 ✔ [ 595] 大的国家                                                     Easy   (76.44 %)
  　   [ 594] 最长和谐子序列                                               Easy   (44.48 %)
  　   [ 593] 有效的正方形                                                 Medium (41.07 %)
  　   [ 592] 分数加减运算                                                 Medium (47.89 %)
  　   [ 591] 标签验证器                                                   Hard   (28.22 %)
  　   [ 590] N叉树的后序遍历                                              Easy   (71.60 %)
  　   [ 589] N叉树的前序遍历                                              Easy   (71.64 %)
  　   [ 587] 安装栅栏                                                     Hard   (30.01 %)
  　   [ 583] 两个字符串的删除操作                                         Medium (46.87 %)
  　   [ 581] 最短无序连续子数组                                           Easy   (33.64 %)
  　   [ 576] 出界的路径数                                                 Medium (35.17 %)
  　   [ 575] 分糖果                                                       Easy   (65.06 %)
  　   [ 572] 另一个树的子树                                               Easy   (42.63 %)
  　   [ 567] 字符串的排列                                                 Medium (33.54 %)
  　   [ 566] 重塑矩阵                                                     Easy   (63.32 %)
  　   [ 565] 数组嵌套                                                     Medium (53.99 %)
  　   [ 564] 寻找最近的回文数                                             Hard   (13.69 %)
  　   [ 563] 二叉树的坡度                                                 Easy   (52.31 %)
  　   [ 561] 数组拆分 I                                                   Easy   (69.24 %)
  　   [ 560] 和为K的子数组                                                Medium (43.09 %)
  　   [ 559] N叉树的最大深度                                              Easy   (67.89 %)
  　   [ 558] 四叉树交集                                                   Easy   (45.53 %)
  　   [ 557] 反转字符串中的单词 III                                       Easy   (69.02 %)
  　   [ 556] 下一个更大元素 III                                           Medium (28.99 %)
  　   [ 554] 砖墙                                                         Medium (34.90 %)
  　   [ 553] 最优除法                                                     Medium (53.25 %)
  　   [ 552] 学生出勤记录 II                                              Hard   (37.61 %)
  　   [ 551] 学生出勤记录 I                                               Easy   (50.20 %)
  　   [ 547] 朋友圈                                                       Medium (54.34 %)
  　   [ 546] 移除盒子                                                     Hard   (48.16 %)
  　   [ 543] 二叉树的直径                                                 Easy   (46.63 %)
  　   [ 542] 01 矩阵                                                      Medium (37.47 %)
  　   [ 541] 反转字符串 II                                                Easy   (51.29 %)
  　   [ 540] 有序数组中的单一元素                                         Medium (60.17 %)
  　   [ 539] 最小时间差                                                   Medium (52.50 %)
  　   [ 538] 把二叉搜索树转换为累加树                                     Easy   (57.79 %)
  　   [ 537] 复数乘法                                                     Medium (67.29 %)
  　   [ 535] TinyURL 的加密与解密                                         Medium (80.83 %)
  　   [ 532] 数组中的K-diff数对                                           Easy   (33.16 %)
  　   [ 530] 二叉搜索树的最小绝对差                                       Easy   (54.99 %)
  　   [ 529] 扫雷游戏                                                     Medium (58.34 %)
  　   [ 528] 按权重随机选择                                               Medium (40.47 %)
  　   [ 526] 优美的排列                                                   Medium (59.16 %)
  　   [ 525] 连续数组                                                     Medium (40.79 %)
  　   [ 524] 通过删除字母匹配到字典里最长单词                             Medium (44.54 %)
  　   [ 523] 连续的子数组和                                               Medium (22.68 %)
  　   [ 522] 最长特殊序列 II                                              Medium (31.67 %)
  　   [ 521] 最长特殊序列 Ⅰ                                              Easy   (65.64 %)
  　   [ 520] 检测大写字母                                                 Easy   (54.24 %)
  　   [ 519] 随机翻转矩阵                                                 Medium (34.68 %)
  　   [ 518] 零钱兑换 II                                                  Medium (46.99 %)
  　   [ 517] 超级洗衣机                                                   Hard   (38.57 %)
  　   [ 516] 最长回文子序列                                               Medium (49.39 %)
  　   [ 515] 在每个树行中找最大值                                         Medium (57.83 %)
  　   [ 514] 自由之路                                                     Hard   (37.54 %)
  　   [ 513] 找树左下角的值                                               Medium (67.81 %)
  　   [ 509] 斐波那契数                                                   Easy   (65.85 %)
  　   [ 508] 出现次数最多的子树元素和                                     Medium (60.89 %)
  　   [ 507] 完美数                                                       Easy   (37.21 %)
  　   [ 506] 相对名次                                                     Easy   (53.01 %)
  　   [ 504] 七进制数                                                     Easy   (47.89 %)
  　   [ 503] 下一个更大元素 II                                            Medium (51.54 %)
  　   [ 502] IPO                                                          Hard   (36.06 %)
  　   [ 501] 二叉搜索树中的众数                                           Easy   (43.42 %)
  　   [ 500] 键盘行                                                       Easy   (67.99 %)
  　   [ 498] 对角线遍历                                                   Medium (39.56 %)
  　   [ 497] 非重叠矩形中的随机点                                         Medium (37.36 %)
  　   [ 496] 下一个更大元素 I                                             Easy   (62.62 %)
  　   [ 495] 提莫攻击                                                     Medium (52.38 %)
  　   [ 494] 目标和                                                       Medium (42.79 %)
  　   [ 493] 翻转对                                                       Hard   (21.60 %)
  　   [ 492] 构造矩形                                                     Easy   (50.35 %)
  　   [ 491] 递增子序列                                                   Medium (44.49 %)
  　   [ 488] 祖玛游戏                                                     Hard   (41.00 %)
  　   [ 486] 预测赢家                                                     Medium (49.88 %)
  　   [ 485] 最大连续1的个数                                              Easy   (55.40 %)
  　   [ 483] 最小好进制                                                   Hard   (36.40 %)
  　   [ 482] 密钥格式化                                                   Easy   (38.60 %)
  　   [ 481] 神奇字符串                                                   Medium (49.78 %)
  　   [ 480] 滑动窗口中位数                                               Hard   (32.60 %)
  　   [ 479] 最大回文数乘积                                               Hard   (31.37 %)
  　   [ 478] 在圆内随机生成点                                             Medium (38.52 %)
  　   [ 477] 汉明距离总和                                                 Medium (47.87 %)
  　   [ 476] 数字的补数                                                   Easy   (67.99 %)
  　   [ 475] 供暖器                                                       Easy   (29.05 %)
  　   [ 474] 一和零                                                       Medium (48.91 %)
  　   [ 473] 火柴拼正方形                                                 Medium (36.28 %)
  　   [ 472] 连接词                                                       Hard   (44.03 %)
  　   [ 470] 用 Rand7() 实现 Rand10()                                     Medium (44.86 %)
  　   [ 468] 验证IP地址                                                   Medium (21.20 %)
  　   [ 467] 环绕字符串中唯一的子字符串                                   Medium (39.20 %)
  　   [ 466] 统计重复个数                                                 Hard   (29.83 %)
  　   [ 464] 我能赢吗                                                     Medium (32.83 %)
  　   [ 463] 岛屿的周长                                                   Easy   (64.49 %)
  　   [ 462] 最少移动次数使数组元素相等 II                                Medium (55.73 %)
  　   [ 461] 汉明距离                                                     Easy   (74.40 %)
  　   [ 460] LFU缓存                                                      Hard   (33.68 %)
  　   [ 459] 重复的子字符串                                               Easy   (44.96 %)
  　   [ 458] 可怜的小猪                                                   Hard   (53.69 %)
  　   [ 457] 环形数组循环                                                 Medium (32.34 %)
  　   [ 456] 132模式                                                      Medium (25.39 %)
  　   [ 455] 分发饼干                                                     Easy   (52.69 %)
  　   [ 454] 四数相加 II                                                  Medium (54.15 %)
  　   [ 453] 最小移动次数使数组元素相等                                   Easy   (52.84 %)
  　   [ 452] 用最少数量的箭引爆气球                                       Medium (47.97 %)
  　   [ 451] 根据字符出现频率排序                                         Medium (61.25 %)
  　   [ 450] 删除二叉搜索树中的节点                                       Medium (37.38 %)
  　   [ 449] 序列化和反序列化二叉搜索树                                   Medium (50.42 %)
  　   [ 448] 找到所有数组中消失的数字                                     Easy   (55.55 %)
  　   [ 447] 回旋镖的数量                                                 Easy   (56.49 %)
  　   [ 446] 等差数列划分 II - 子序列                                     Hard   (31.14 %)
  　   [ 445] 两数相加 II                                                  Medium (53.27 %)
  　   [ 443] 压缩字符串                                                   Easy   (38.79 %)
  　   [ 442] 数组中重复的数据                                             Medium (62.96 %)
  　   [ 441] 排列硬币                                                     Easy   (39.83 %)
  　   [ 440] 字典序的第K小数字                                            Hard   (31.02 %)
  　   [ 438] 找到字符串中所有字母异位词                                   Medium (40.18 %)
  　   [ 437] 路径总和 III                                                 Easy   (53.34 %)
  　   [ 436] 寻找右区间                                                   Medium (43.09 %)
  　   [ 435] 无重叠区间                                                   Medium (44.10 %)
  　   [ 434] 字符串中的单词数                                             Easy   (33.52 %)
  　   [ 433] 最小基因变化                                                 Medium (48.26 %)
  　   [ 432] 全 O(1) 的数据结构                                           Hard   (34.39 %)
  　   [ 430] 扁平化多级双向链表                                           Medium (45.05 %)
  　   [ 429] N叉树的层序遍历                                              Medium (64.20 %)
  　   [ 427] 建立四叉树                                                   Medium (56.82 %)
  　   [ 424] 替换后的最长重复字符                                         Medium (44.90 %)
  　   [ 423] 从英文中重建数字                                             Medium (51.71 %)
  　   [ 421] 数组中两个数的最大异或值                                     Medium (57.43 %)
  　   [ 420] 强密码检验器                                                 Hard   (13.99 %)
  　   [ 419] 甲板上的战舰                                                 Medium (70.70 %)
  　   [ 417] 太平洋大西洋水流问题                                         Medium (39.74 %)
  　   [ 416] 分割等和子集                                                 Medium (44.45 %)
  　   [ 415] 字符串相加                                                   Easy   (48.95 %)
  　   [ 414] 第三大的数                                                   Easy   (33.96 %)
  　   [ 413] 等差数列划分                                                 Medium (58.85 %)
  　   [ 412] Fizz Buzz                                                    Easy   (62.45 %)
  　   [ 410] 分割数组的最大值                                             Hard   (40.31 %)
  　   [ 409] 最长回文串                                                   Easy   (51.46 %)
  　   [ 407] 接雨水 II                                                    Hard   (34.08 %)
  　   [ 406] 根据身高重建队列                                             Medium (61.26 %)
  　   [ 405] 数字转换为十六进制数                                         Easy   (49.22 %)
  　   [ 404] 左叶子之和                                                   Easy   (53.08 %)
  　   [ 403] 青蛙过河                                                     Hard   (31.58 %)
  　   [ 402] 移掉K位数字                                                  Medium (27.49 %)
  　   [ 401] 二进制手表                                                   Easy   (51.13 %)
  　   [ 400] 第N个数字                                                    Medium (34.72 %)
  　   [ 399] 除法求值                                                     Medium (52.95 %)
  　   [ 398] 随机数索引                                                   Medium (57.92 %)
  　   [ 397] 整数替换                                                     Medium (33.49 %)
  　   [ 396] 旋转函数                                                     Medium (38.68 %)
  　   [ 395] 至少有K个重复字符的最长子串                                  Medium (41.09 %)
  　   [ 394] 字符串解码                                                   Medium (48.09 %)
  　   [ 393] UTF-8 编码验证                                               Medium (37.23 %)
  　   [ 392] 判断子序列                                                   Easy   (47.60 %)
  　   [ 391] 完美矩形                                                     Hard   (24.10 %)
  　   [ 390] 消除游戏                                                     Medium (41.81 %)
  　   [ 389] 找不同                                                       Easy   (60.48 %)
  　   [ 388] 文件的最长绝对路径                                           Medium (43.40 %)
  　   [ 387] 字符串中的第一个唯一字符                                     Easy   (42.78 %)
  　   [ 386] 字典序排数                                                   Medium (67.56 %)
  　   [ 385] 迷你语法分析器                                               Medium (39.75 %)
  　   [ 384] 打乱数组                                                     Medium (49.11 %)
  　   [ 383] 赎金信                                                       Easy   (51.40 %)
  　   [ 382] 链表随机节点                                                 Medium (54.54 %)
  　   [ 381] O(1) 时间插入、删除和获取随机元素 - 允许重复                 Hard   (36.61 %)
  　   [ 380] 常数时间插入、删除和获取随机元素                             Medium (47.44 %)
  　   [ 378] 有序矩阵中第K小的元素                                        Medium (57.64 %)
  　   [ 377] 组合总和 Ⅳ                                                  Medium (40.84 %)
  　   [ 376] 摆动序列                                                     Medium (40.87 %)
  　   [ 375] 猜数字大小 II                                                Medium (36.41 %)
  　   [ 374] 猜数字大小                                                   Easy   (42.23 %)
  　   [ 373] 查找和最小的K对数字                                          Medium (40.15 %)
  　   [ 372] 超级次方                                                     Medium (37.67 %)
  　   [ 371] 两整数之和                                                   Easy   (53.49 %)
  　   [ 368] 最大整除子集                                                 Medium (36.22 %)
  　   [ 367] 有效的完全平方数                                             Easy   (42.90 %)
  　   [ 365] 水壶问题                                                     Medium (29.51 %)
  　   [ 363] 矩形区域不超过 K 的最大数值和                                Hard   (32.96 %)
  　   [ 357] 计算各个位数不同的数字个数                                   Medium (49.52 %)
  　   [ 355] 设计推特                                                     Medium (36.47 %)
  　   [ 354] 俄罗斯套娃信封问题                                           Hard   (32.98 %)
  　   [ 352] 将数据流变为多个不相交区间                                   Hard   (50.73 %)
  　   [ 350] 两个数组的交集 II                                            Easy   (46.08 %)
  　   [ 349] 两个数组的交集                                               Easy   (67.76 %)
  　   [ 347] 前 K 个高频元素                                              Medium (59.75 %)
  　   [ 345] 反转字符串中的元音字母                                       Easy   (48.76 %)
  　   [ 344] 反转字符串                                                   Easy   (68.60 %)
  　   [ 343] 整数拆分                                                     Medium (53.79 %)
  　   [ 342] 4的幂                                                        Easy   (47.40 %)
  　   [ 341] 扁平化嵌套列表迭代器                                         Medium (61.67 %)
  　   [ 338] 比特位计数                                                   Medium (74.26 %)
  　   [ 337] 打家劫舍 III                                                 Medium (55.28 %)
  　   [ 336] 回文对                                                       Hard   (32.29 %)
  　   [ 335] 路径交叉                                                     Hard   (30.76 %)
  　   [ 334] 递增的三元子序列                                             Medium (36.32 %)
  　   [ 332] 重新安排行程                                                 Medium (34.67 %)
  　   [ 331] 验证二叉树的前序序列化                                       Medium (43.53 %)
  　   [ 330] 按要求补齐数组                                               Hard   (40.52 %)
  　   [ 329] 矩阵中的最长递增路径                                         Hard   (39.29 %)
  　   [ 328] 奇偶链表                                                     Medium (60.91 %)
  　   [ 327] 区间和的个数                                                 Hard   (31.88 %)
  　   [ 326] 3的幂                                                        Easy   (46.19 %)
  　   [ 324] 摆动排序 II                                                  Medium (34.67 %)
  　   [ 322] 零钱兑换                                                     Medium (37.07 %)
  　   [ 321] 拼接最大数                                                   Hard   (26.26 %)
  　   [ 319] 灯泡开关                                                     Medium (44.07 %)
  　   [ 318] 最大单词长度乘积                                             Medium (60.78 %)
  　   [ 316] 去除重复字母                                                 Hard   (36.57 %)
  　   [ 315] 计算右侧小于当前元素的个数                                   Hard   (36.96 %)
  　   [ 313] 超级丑数                                                     Medium (59.80 %)
  　   [ 312] 戳气球                                                       Hard   (56.79 %)
  　   [ 310] 最小高度树                                                   Medium (33.27 %)
  　   [ 309] 最佳买卖股票时机含冷冻期                                     Medium (50.84 %)
  　   [ 307] 区域和检索 - 数组可修改                                      Medium (53.09 %)
  　   [ 306] 累加数                                                       Medium (31.61 %)
  　   [ 304] 二维区域和检索 - 矩阵不可变                                  Medium (41.91 %)
  　   [ 303] 区域和检索 - 数组不可变                                      Easy   (59.18 %)
  　   [ 301] 删除无效的括号                                               Hard   (44.84 %)
  　   [ 300] 最长上升子序列                                               Medium (43.67 %)
  　   [ 299] 猜数字游戏                                                   Easy   (46.24 %)
  　   [ 297] 二叉树的序列化与反序列化                                     Hard   (43.69 %)
  　   [ 295] 数据流的中位数                                               Hard   (41.48 %)
  　   [ 292] Nim 游戏                                                     Easy   (69.73 %)
  　   [ 290] 单词规律                                                     Easy   (41.56 %)
  　   [ 289] 生命游戏                                                     Medium (68.06 %)
  　   [ 287] 寻找重复数                                                   Medium (62.52 %)
  　   [ 284] 顶端迭代器                                                   Medium (71.13 %)
  　   [ 283] 移动零                                                       Easy   (58.85 %)
  　   [ 282] 给表达式添加运算符                                           Hard   (31.25 %)
  　   [ 279] 完全平方数                                                   Medium (52.82 %)
  　   [ 278] 第一个错误的版本                                             Easy   (35.97 %)
  　   [ 275] H指数 II                                                     Medium (39.61 %)
  　   [ 274] H指数                                                        Medium (37.31 %)
  　   [ 273] 整数转换英文表示                                             Hard   (25.79 %)
  　   [ 268] 缺失数字                                                     Easy   (53.71 %)
  　   [ 264] 丑数 II                                                      Medium (48.81 %)
  　 ✔ [ 263] 丑数                                                         Easy   (48.44 %)
  　 ✔ [ 262] 行程和用户                                                   Hard   (45.03 %)
  　   [ 260] 只出现一次的数字 III                                         Medium (69.17 %)
  　 ✔ [ 258] 各位相加                                                     Easy   (65.35 %)
  　   [ 257] 二叉树的所有路径                                             Easy   (61.63 %)
  　   [ 242] 有效的字母异位词                                             Easy   (57.98 %)
  　   [ 241] 为运算表达式设计优先级                                       Medium (70.21 %)
  　   [ 240] 搜索二维矩阵 II                                              Medium (38.43 %)
  　   [ 239] 滑动窗口最大值                                               Hard   (43.37 %)
  　   [ 238] 除自身以外数组的乘积                                         Medium (65.54 %)
  　   [ 237] 删除链表中的节点                                             Easy   (79.48 %)
  　   [ 236] 二叉树的最近公共祖先                                         Medium (59.11 %)
  　   [ 235] 二叉搜索树的最近公共祖先                                     Easy   (61.73 %)
  　   [ 234] 回文链表                                                     Easy   (39.87 %)
  　   [ 233] 数字 1 的个数                                                Hard   (31.87 %)
  　   [ 232] 用栈实现队列                                                 Easy   (62.17 %)
  　 ✔ [ 231] 2的幂                                                        Easy   (47.34 %)
  　   [ 230] 二叉搜索树中第K小的元素                                      Medium (67.96 %)
  　   [ 229] 求众数 II                                                    Medium (42.49 %)
  　   [ 228] 汇总区间                                                     Medium (50.57 %)
  　   [ 227] 基本计算器 II                                                Medium (34.52 %)
  　   [ 226] 翻转二叉树                                                   Easy   (73.42 %)
  　   [ 225] 用队列实现栈                                                 Easy   (61.97 %)
  　   [ 224] 基本计算器                                                   Hard   (36.68 %)
  　   [ 223] 矩形面积                                                     Medium (42.13 %)
  　   [ 222] 完全二叉树的节点个数                                         Medium (65.46 %)
  　   [ 221] 最大正方形                                                   Medium (38.61 %)
  　   [ 220] 存在重复元素 III                                             Medium (25.69 %)
  　   [ 219] 存在重复元素 II                                              Easy   (37.10 %)
  　   [ 218] 天际线问题                                                   Hard   (39.93 %)
  　 ✔ [ 217] 存在重复元素                                                 Easy   (51.37 %)
  　   [ 216] 组合总和 III                                                 Medium (69.87 %)
  　   [ 215] 数组中的第K个最大元素                                        Medium (60.55 %)
  　   [ 214] 最短回文串                                                   Hard   (31.06 %)
  　   [ 213] 打家劫舍 II                                                  Medium (35.88 %)
  　   [ 212] 单词搜索 II                                                  Hard   (38.84 %)
  　   [ 211] 添加与搜索单词 - 数据结构设计                                Medium (41.99 %)
  　   [ 210] 课程表 II                                                    Medium (45.88 %)
  　   [ 209] 长度最小的子数组                                             Medium (40.83 %)
  　   [ 208] 实现 Trie (前缀树)                                           Medium (63.85 %)
  　   [ 207] 课程表                                                       Medium (48.81 %)
  　 ✔ [ 206] 反转链表                                                     Easy   (66.55 %)
  　 ✔ [ 205] 同构字符串                                                   Easy   (46.94 %)
  　 ✔ [ 204] 计数质数                                                     Easy   (31.72 %)
  　 ✔ [ 203] 移除链表元素                                                 Easy   (43.57 %)
  　 ✔ [ 202] 快乐数                                                       Easy   (56.75 %)
  　   [ 201] 数字范围按位与                                               Medium (44.40 %)
  　   [ 200] 岛屿数量                                                     Medium (46.67 %)
  　   [ 199] 二叉树的右视图                                               Medium (62.59 %)
  　 ✔ [ 198] 打家劫舍                                                     Easy   (42.53 %)
  　 ✔ [ 197] 上升的温度                                                   Easy   (49.13 %)
  　 ✔ [ 196] 删除重复的电子邮箱                                           Easy   (59.01 %)
  　 ✔ [ 195] 第十行                                                       Easy   (43.28 %)
  　 ✔ [ 194] 转置文件                                                     Medium (32.95 %)
  　 ✔ [ 193] 有效电话号码                                                 Easy   (27.45 %)
  　 ✔ [ 192] 统计词频                                                     Medium (33.35 %)
  　 ✔ [ 185] 部门工资前三高的所有员工                                     Hard   (41.41 %)
  　 ✔ [ 184] 部门工资最高的员工                                           Medium (43.48 %)
  　 ✔ [ 183] 从不订购的客户                                               Easy   (65.10 %)
  　 ✔ [ 182] 查找重复的电子邮箱                                           Easy   (77.83 %)
  　 ✔ [ 181] 超过经理收入的员工                                           Easy   (67.96 %)
  　 ✔ [ 180] 连续出现的数字                                               Medium (47.93 %)
  　 ✔ [ 178] 分数排名                                                     Medium (60.10 %)
  　 ✔ [ 177] 第N高的薪水                                                  Medium (43.76 %)
  　 ✔ [ 176] 第二高的薪水                                                 Easy   (33.71 %)
  　 ✔ [ 175] 组合两个表                                                   Easy   (71.36 %)
  　   [LCP 1] 猜数字                                                       Easy   (81.74 %)
  　   [LCP 3] 机器人大冒险                                                 Medium (18.21 %)
  　   [LCP 5] 发 LeetCoin                                                  Hard   (15.31 %)
  　   [LCP 4] 覆盖                                                         Hard   (26.78 %)
  　   [LCP 2] 分式化简                                                     Easy   (58.98 %)
  　 ✔ [ 191] 位1的个数                                                    Easy   (63.56 %)
  　 ✔ [ 190] 颠倒二进制位                                                 Easy   (53.77 %)
  　 ✔ [ 189] 旋转数组                                                     Easy   (40.17 %)
  　   [ 188] 买卖股票的最佳时机 IV                                        Hard   (28.54 %)
  　   [ 187] 重复的DNA序列                                                Medium (43.33 %)
  　   [ 179] 最大数                                                       Medium (35.11 %)
  　   [ 174] 地下城游戏                                                   Hard   (39.31 %)
  　   [ 173] 二叉搜索树迭代器                                             Medium (70.21 %)
  　 ✔ [ 172] 阶乘后的零                                                   Easy   (39.48 %)
  　 ✔ [ 171] Excel表列序号                                                Easy   (66.30 %)
  　 ✔ [ 169] 多数元素                                                     Easy   (61.19 %)
  　 ✔ [ 168] Excel表列名称                                                Easy   (36.25 %)
  　 ✔ [ 167] 两数之和 II - 输入有序数组                                   Easy   (51.98 %)
  　   [ 166] 分数到小数                                                   Medium (25.41 %)
  　   [ 165] 比较版本号                                                   Medium (38.21 %)
  　   [ 164] 最大间距                                                     Hard   (52.91 %)
  　   [ 162] 寻找峰值                                                     Medium (44.07 %)
  　 ✔ [ 160] 相交链表                                                     Easy   (51.56 %)
  　 ✔ [ 155] 最小栈                                                       Easy   (51.05 %)
  　   [ 154] 寻找旋转排序数组中的最小值 II                                Hard   (45.96 %)
  　   [ 153] 寻找旋转排序数组中的最小值                                   Medium (50.11 %)
  　   [ 152] 乘积最大子序列                                               Medium (36.68 %)
  　   [ 151] 翻转字符串里的单词                                           Medium (34.88 %)
  　   [ 150] 逆波兰表达式求值                                             Medium (48.64 %)
  　   [ 149] 直线上最多的点数                                             Hard   (20.27 %)
  　   [ 148] 排序链表                                                     Medium (63.29 %)
  　   [ 147] 对链表进行插入排序                                           Medium (62.05 %)
  　   [ 146] LRU缓存机制                                                  Medium (45.01 %)
  　   [ 145] 二叉树的后序遍历                                             Hard   (69.75 %)
  　   [ 144] 二叉树的前序遍历                                             Medium (63.62 %)
  　   [ 143] 重排链表                                                     Medium (54.09 %)
  　   [ 142] 环形链表 II                                                  Medium (47.66 %)
  　 ✔ [ 141] 环形链表                                                     Easy   (45.73 %)
  　   [ 140] 单词拆分 II                                                  Hard   (37.57 %)
  　   [ 139] 单词拆分                                                     Medium (42.98 %)
  　   [ 138] 复制带随机指针的链表                                         Medium (42.45 %)
  　   [ 137] 只出现一次的数字 II                                          Medium (65.32 %)
  　 ✔ [ 136] 只出现一次的数字                                             Easy   (64.89 %)
  　   [ 135] 分发糖果                                                     Hard   (40.82 %)
  　   [ 134] 加油站                                                       Medium (50.60 %)
  　   [ 133] 克隆图                                                       Medium (47.58 %)
  　   [ 132] 分割回文串 II                                                Hard   (41.33 %)
  　   [ 131] 分割回文串                                                   Medium (64.80 %)
  　   [ 130] 被围绕的区域                                                 Medium (38.74 %)
  　   [ 129] 求根到叶子节点数字之和                                       Medium (60.91 %)
  　   [ 128] 最长连续序列                                                 Hard   (47.40 %)
  　   [ 127] 单词接龙                                                     Medium (39.09 %)
  　   [ 126] 单词接龙 II                                                  Hard   (31.13 %)
  　 ✔ [ 125] 验证回文串                                                   Easy   (42.08 %)
  　   [ 124] 二叉树中的最大路径和                                         Hard   (38.82 %)
  　   [ 123] 买卖股票的最佳时机 III                                       Hard   (40.43 %)
  　 ✔ [ 122] 买卖股票的最佳时机 II                                        Easy   (57.08 %)
  　 ✔ [ 121] 买卖股票的最佳时机                                           Easy   (52.07 %)
  　   [ 120] 三角形最小路径和                                             Medium (63.22 %)
  　 ✔ [ 119] 杨辉三角 II                                                  Easy   (59.62 %)
  　 ✔ [ 118] 杨辉三角                                                     Easy   (65.36 %)
  　   [ 117] 填充每个节点的下一个右侧节点指针 II                          Medium (43.91 %)
  　   [ 116] 填充每个节点的下一个右侧节点指针                             Medium (52.68 %)
  　   [ 115] 不同的子序列                                                 Hard   (46.26 %)
  　   [ 114] 二叉树展开为链表                                             Medium (66.90 %)
  　   [ 113] 路径总和 II                                                  Medium (58.13 %)
  　 ✔ [ 112] 路径总和                                                     Easy   (48.68 %)
  　 ✔ [ 111] 二叉树的最小深度                                             Easy   (41.10 %)
  　 ✔ [ 110] 平衡二叉树                                                   Easy   (49.63 %)
  　   [ 109] 有序链表转换二叉搜索树                                       Medium (69.90 %)
  　 ✔ [ 108] 将有序数组转换为二叉搜索树                                   Easy   (68.64 %)
  　 ✔ [ 107] 二叉树的层次遍历 II                                          Easy   (63.80 %)
  　   [ 106] 从中序与后序遍历序列构造二叉树                               Medium (66.37 %)
  　   [ 105] 从前序与中序遍历序列构造二叉树                               Medium (63.62 %)
  　 ✔ [ 104] 二叉树的最大深度                                             Easy   (71.95 %)
  　   [ 103] 二叉树的锯齿形层次遍历                                       Medium (53.13 %)
  　   [ 102] 二叉树的层次遍历                                             Medium (60.47 %)
  　 ✔ [ 101] 对称二叉树                                                   Easy   (49.60 %)
  　 ✔ [ 100] 相同的树                                                     Easy   (56.04 %)
  　   [ 99 ] 恢复二叉搜索树                                               Hard   (54.45 %)
  　   [ 98 ] 验证二叉搜索树                                               Medium (28.46 %)
  　   [ 97 ] 交错字符串                                                   Hard   (38.30 %)
  　   [ 96 ] 不同的二叉搜索树                                             Medium (64.31 %)
  　   [ 95 ] 不同的二叉搜索树 II                                          Medium (60.92 %)
  　   [ 94 ] 二叉树的中序遍历                                             Medium (69.73 %)
  　   [ 93 ] 复原IP地址                                                   Medium (45.41 %)
  　   [ 92 ] 反转链表 II                                                  Medium (48.70 %)
  　   [ 91 ] 解码方法                                                     Medium (22.80 %)
  　   [ 90 ] 子集 II                                                      Medium (58.42 %)
  　   [ 89 ] 格雷编码                                                     Medium (67.36 %)
  　 ✔ [ 88 ] 合并两个有序数组                                             Easy   (46.29 %)
  　   [ 87 ] 扰乱字符串                                                   Hard   (44.64 %)
  　   [ 86 ] 分隔链表                                                     Medium (55.12 %)
  　   [ 85 ] 最大矩形                                                     Hard   (43.72 %)
  　   [ 84 ] 柱状图中最大的矩形                                           Hard   (38.46 %)
  　 ✔ [ 83 ] 删除排序链表中的重复元素                                     Easy   (48.80 %)
  　   [ 82 ] 删除排序链表中的重复元素 II                                  Medium (45.30 %)
  　   [ 81 ] 搜索旋转排序数组 II                                          Medium (34.74 %)
  　   [ 80 ] 删除排序数组中的重复项 II                                    Medium (54.01 %)
  　   [ 79 ] 单词搜索                                                     Medium (40.11 %)
  　   [ 78 ] 子集                                                         Medium (76.08 %)
  　   [ 77 ] 组合                                                         Medium (72.33 %)
  　   [ 76 ] 最小覆盖子串                                                 Hard   (35.11 %)
  　   [ 75 ] 颜色分类                                                     Medium (54.32 %)
  　   [ 74 ] 搜索二维矩阵                                                 Medium (37.03 %)
  　   [ 73 ] 矩阵置零                                                     Medium (54.82 %)
  　   [ 72 ] 编辑距离                                                     Hard   (55.88 %)
  　   [ 71 ] 简化路径                                                     Medium (38.52 %)
  　 ✔ [ 70 ] 爬楼梯                                                       Easy   (47.59 %)
  　 ✔ [ 69 ] x 的平方根                                                   Easy   (37.41 %)
  　   [ 68 ] 文本左右对齐                                                 Hard   (42.01 %)
  　 ✔ [ 67 ] 二进制求和                                                   Easy   (51.92 %)
  　 ✔ [ 66 ] 加一                                                         Easy   (42.60 %)
  　   [ 65 ] 有效数字                                                     Hard   (17.61 %)
  　   [ 64 ] 最小路径和                                                   Medium (64.14 %)
  　   [ 63 ] 不同路径 II                                                  Medium (32.24 %)
  　   [ 62 ] 不同路径                                                     Medium (58.46 %)
  　   [ 61 ] 旋转链表                                                     Medium (39.75 %)
  　   [ 60 ] 第k个排列                                                    Medium (48.00 %)
  　   [ 59 ] 螺旋矩阵 II                                                  Medium (76.28 %)
  　 ✔ [ 58 ] 最后一个单词的长度                                           Easy   (32.15 %)
  　   [ 57 ] 插入区间                                                     Hard   (36.58 %)
  　   [ 56 ] 合并区间                                                     Medium (39.94 %)
  　   [ 55 ] 跳跃游戏                                                     Medium (37.70 %)
  　   [ 54 ] 螺旋矩阵                                                     Medium (38.31 %)
  　 ✔ [ 53 ] 最大子序和                                                   Easy   (48.74 %)
  　   [ 52 ] N皇后 II                                                     Hard   (77.24 %)
  　   [ 51 ] N皇后                                                        Hard   (67.48 %)
  　   [ 50 ] Pow(x, n)                                                    Medium (33.66 %)
  　   [ 49 ] 字母异位词分组                                               Medium (60.27 %)
  　   [ 48 ] 旋转图像                                                     Medium (66.45 %)
  　   [ 47 ] 全排列 II                                                    Medium (56.58 %)
  　   [ 46 ] 全排列                                                       Medium (73.66 %)
  　   [ 45 ] 跳跃游戏 II                                                  Hard   (32.76 %)
  　   [ 44 ] 通配符匹配                                                   Hard   (26.07 %)
  　   [ 43 ] 字符串相乘                                                   Medium (41.32 %)
  　   [ 42 ] 接雨水                                                       Hard   (48.09 %)
  　   [ 41 ] 缺失的第一个正数                                             Hard   (37.34 %)
  　   [ 40 ] 组合总和 II                                                  Medium (59.46 %)
  　   [ 39 ] 组合总和                                                     Medium (68.01 %)
  　 ✔ [ 38 ] 外观数列                                                     Easy   (54.25 %)
  　   [ 37 ] 解数独                                                       Hard   (58.84 %)
  　   [ 36 ] 有效的数独                                                   Medium (57.92 %)
  　 ✔ [ 35 ] 搜索插入位置                                                 Easy   (44.88 %)
  　   [ 34 ] 在排序数组中查找元素的第一个和最后一个位置                   Medium (38.71 %)
  　   [ 33 ] 搜索旋转排序数组                                             Medium (36.30 %)
  　   [ 32 ] 最长有效括号                                                 Hard   (29.26 %)
  　   [ 31 ] 下一个排列                                                   Medium (32.59 %)
  　   [ 30 ] 串联所有单词的子串                                           Hard   (28.68 %)
  　   [ 29 ] 两数相除                                                     Medium (19.08 %)
  　 ✔ [ 28 ] 实现 strStr()                                                Easy   (39.37 %)
  　 ✔ [ 27 ] 移除元素                                                     Easy   (57.17 %)
  　 ✔ [ 26 ] 删除排序数组中的重复项                                       Easy   (48.12 %)
  　   [ 25 ] K 个一组翻转链表                                             Hard   (55.74 %)
  　   [ 24 ] 两两交换链表中的节点                                         Medium (63.87 %)
  　   [ 23 ] 合并K个排序链表                                              Hard   (48.50 %)
  　   [ 22 ] 括号生成                                                     Medium (72.94 %)
  　 ✔ [ 21 ] 合并两个有序链表                                             Easy   (59.23 %)
  　 ✔ [ 20 ] 有效的括号                                                   Easy   (40.61 %)
  　   [ 19 ] 删除链表的倒数第N个节点                                      Medium (37.15 %)
  　   [ 18 ] 四数之和                                                     Medium (36.76 %)
  　   [ 17 ] 电话号码的字母组合                                           Medium (52.10 %)
  　   [ 16 ] 最接近的三数之和                                             Medium (42.61 %)
  　   [ 15 ] 三数之和                                                     Medium (25.18 %)
  　 ✔ [ 14 ] 最长公共前缀                                                 Easy   (35.88 %)
  　 ✔ [ 13 ] 罗马数字转整数                                               Easy   (60.37 %)
  　   [ 12 ] 整数转罗马数字                                               Medium (62.37 %)
  　   [ 11 ] 盛最多水的容器                                               Medium (60.74 %)
  　   [ 10 ] 正则表达式匹配                                               Hard   (25.76 %)
  　 ✔ [  9 ] 回文数                                                       Easy   (56.98 %)
  　   [  8 ] 字符串转换整数 (atoi)                                        Medium (18.91 %)
  　 ✔ [  7 ] 整数反转                                                     Easy   (33.52 %)
  　   [  6 ] Z 字形变换                                                   Medium (46.36 %)
  　   [  5 ] 最长回文子串                                                 Medium (28.20 %)
  　   [  4 ] 寻找两个有序数组的中位数                                     Hard   (36.61 %)
★ 　 ✔ [  3 ] 无重复字符的最长子串                                         Medium (32.61 %)
  　 ✔ [  2 ] 两数相加                                                     Medium (36.43 %)
  　 ✔ [  1 ] 两数之和                                                     Easy   (47.43 %)
[4] 寻找两个有序数组的中位数  

https://leetcode-cn.com/problems/median-of-two-sorted-arrays/description/

Tags:   algorithms   adobe   apple   dropbox   google   microsoft   yahoo   zenefits   array   binary-search   divide-and-conquer 

Langs:  c   cpp   csharp   golang   java   javascript   kotlin   php   python   python3   ruby   rust   scala   swift 

* algorithms
* Hard (36.61%)
* Likes:    2203
* Dislikes: -
* Total Accepted:    146.7K
* Total Submissions: 397.5K
* Testcase Example:  '[1,3]\n[2]'

<p>给定两个大小为 m 和 n 的有序数组&nbsp;<code>nums1</code> 和&nbsp;<code>nums2</code>。</p>

<p>请你找出这两个有序数组的中位数，并且要求算法的时间复杂度为&nbsp;O(log(m + n))。</p>

<p>你可以假设&nbsp;<code>nums1</code>&nbsp;和&nbsp;<code>nums2</code>&nbsp;不会同时为空。</p>

<p><strong>示例 1:</strong></p>

<pre>nums1 = [1, 3]
nums2 = [2]

则中位数是 2.0
</pre>

<p><strong>示例 2:</strong></p>

<pre>nums1 = [1, 2]
nums2 = [3, 4]

则中位数是 (2 + 3)/2 = 2.5
</pre>

- Downloading longest-palindromic-substring
[5] 最长回文子串  

https://leetcode-cn.com/problems/longest-palindromic-substring/description/

Tags:   algorithms   amazon   bloomberg   microsoft   string   dynamic-programming 

Langs:  c   cpp   csharp   golang   java   javascript   kotlin   php   python   python3   ruby   rust   scala   swift 

* algorithms
* Medium (28.20%)
* Likes:    1786
* Dislikes: -
* Total Accepted:    189K
* Total Submissions: 660K
* Testcase Example:  '"babad"'

<p>给定一个字符串 <code>s</code>，找到 <code>s</code> 中最长的回文子串。你可以假设&nbsp;<code>s</code> 的最大长度为 1000。</p>

<p><strong>示例 1：</strong></p>

<pre><strong>输入:</strong> &quot;babad&quot;
<strong>输出:</strong> &quot;bab&quot;
<strong>注意:</strong> &quot;aba&quot; 也是一个有效答案。
</pre>

<p><strong>示例 2：</strong></p>

<pre><strong>输入:</strong> &quot;cbbd&quot;
<strong>输出:</strong> &quot;bb&quot;
</pre>

/*
 * @lc app=leetcode.cn id=4 lang=java
 *
 * [4] 寻找两个有序数组的中位数
 */

// @lc code=start
class Solution {
    public double findMedianSortedArrays(int[] nums1, int[] nums2) {

    }
}
// @lc code=end

[4] 寻找两个有序数组的中位数  

https://leetcode-cn.com/problems/median-of-two-sorted-arrays/description/

Tags:   algorithms   adobe   apple   dropbox   google   microsoft   yahoo   zenefits   array   binary-search   divide-and-conquer 

Langs:  c   cpp   csharp   golang   java   javascript   kotlin   php   python   python3   ruby   rust   scala   swift 

* algorithms
* Hard (36.61%)
* Likes:    2203
* Dislikes: -
* Total Accepted:    146.7K
* Total Submissions: 397.5K
* Testcase Example:  '[1,3]\n[2]'

<p>给定两个大小为 m 和 n 的有序数组&nbsp;<code>nums1</code> 和&nbsp;<code>nums2</code>。</p>

<p>请你找出这两个有序数组的中位数，并且要求算法的时间复杂度为&nbsp;O(log(m + n))。</p>

<p>你可以假设&nbsp;<code>nums1</code>&nbsp;和&nbsp;<code>nums2</code>&nbsp;不会同时为空。</p>

<p><strong>示例 1:</strong></p>

<pre>nums1 = [1, 3]
nums2 = [2]

则中位数是 2.0
</pre>

<p><strong>示例 2:</strong></p>

<pre>nums1 = [1, 2]
nums2 = [3, 4]

则中位数是 (2 + 3)/2 = 2.5
</pre>

[5] 最长回文子串  

https://leetcode-cn.com/problems/longest-palindromic-substring/description/

Tags:   algorithms   amazon   bloomberg   microsoft   string   dynamic-programming 

Langs:  c   cpp   csharp   golang   java   javascript   kotlin   php   python   python3   ruby   rust   scala   swift 

* algorithms
* Medium (28.20%)
* Likes:    1786
* Dislikes: -
* Total Accepted:    189K
* Total Submissions: 660K
* Testcase Example:  '"babad"'

<p>给定一个字符串 <code>s</code>，找到 <code>s</code> 中最长的回文子串。你可以假设&nbsp;<code>s</code> 的最大长度为 1000。</p>

<p><strong>示例 1：</strong></p>

<pre><strong>输入:</strong> &quot;babad&quot;
<strong>输出:</strong> &quot;bab&quot;
<strong>注意:</strong> &quot;aba&quot; 也是一个有效答案。
</pre>

<p><strong>示例 2：</strong></p>

<pre><strong>输入:</strong> &quot;cbbd&quot;
<strong>输出:</strong> &quot;bb&quot;
</pre>

